#
# There is insufficient memory for the Java Runtime Environment to continue.
# Native memory allocation (mmap) failed to map 171966464 bytes for G1 virtual space
# Possible reasons:
#   The system is out of physical RAM or swap space
#   The process is running with CompressedOops enabled, and the Java Heap may be blocking the growth of the native heap
# Possible solutions:
#   Reduce memory load on the system
#   Increase physical memory or swap space
#   Check if swap backing store is full
#   Decrease Java heap size (-Xmx/-Xms)
#   Decrease number of Java threads
#   Decrease Java thread stack sizes (-Xss)
#   Set larger code cache with -XX:ReservedCodeCacheSize=
#   JVM is running with Zero Based Compressed Oops mode in which the Java heap is
#     placed in the first 32GB address space. The Java Heap base address is the
#     maximum limit for the native heap growth. Please use -XX:HeapBaseMinAddress
#     to set the Java Heap base and to place the Java Heap above 32GB virtual address.
# This output file may be truncated or incomplete.
#
#  Out of Memory Error (os_windows.cpp:3548), pid=41292, tid=24732
#
# JRE version: Java(TM) SE Runtime Environment (17.0.12+8) (build 17.0.12+8-LTS-286)
# Java VM: Java HotSpot(TM) 64-Bit Server VM (17.0.12+8-LTS-286, mixed mode, sharing, tiered, compressed oops, compressed class ptrs, g1 gc, windows-amd64)
# No core dump will be written. Minidumps are not enabled by default on client versions of Windows
#

---------------  S U M M A R Y ------------

Command Line: --enable-native-access=ALL-UNNAMED -Dclassworlds.conf=D:\apache-maven-3.9.11-bin\apache-maven-3.9.11\bin\m2.conf -Dmaven.home=D:\apache-maven-3.9.11-bin\apache-maven-3.9.11 -Dlibrary.jansi.path=D:\apache-maven-3.9.11-bin\apache-maven-3.9.11\lib\jansi-native -Dmaven.multiModuleProjectDirectory=D:\shortlink-main org.codehaus.plexus.classworlds.launcher.Launcher clean package -DskipTests -f short-link-java/pom.xml

Host: AMD Ryzen 7 7735H with Radeon Graphics        , 16 cores, 15G,  Windows 11 , 64 bit Build 26100 (10.0.26100.8246)
Time: Thu Apr 23 14:49:42 2026  Windows 11 , 64 bit Build 26100 (10.0.26100.8246) elapsed time: 18.069080 seconds (0d 0h 0m 18s)

---------------  T H R E A D  ---------------

Current thread (0x00000240ffe012a0):  VMThread "VM Thread" [stack: 0x0000004797300000,0x0000004797400000] [id=24732]

Stack: [0x0000004797300000,0x0000004797400000]
Native frames: (J=compiled Java code, j=interpreted, Vv=VM code, C=native code)
V  [jvm.dll+0x67a04a]
V  [jvm.dll+0x7da4ed]
V  [jvm.dll+0x7dbe33]
V  [jvm.dll+0x7dc4a3]
V  [jvm.dll+0x24508f]
V  [jvm.dll+0x677089]
V  [jvm.dll+0x66bd32]
V  [jvm.dll+0x301fa6]
V  [jvm.dll+0x309546]
V  [jvm.dll+0x359d2e]
V  [jvm.dll+0x359f5f]
V  [jvm.dll+0x2d9078]
V  [jvm.dll+0x2d74ad]
V  [jvm.dll+0x2d6afc]
V  [jvm.dll+0x31a65b]
V  [jvm.dll+0x7e0d9b]
V  [jvm.dll+0x7e1ad4]
V  [jvm.dll+0x7e1fed]
V  [jvm.dll+0x7e23c4]
V  [jvm.dll+0x7e2490]
V  [jvm.dll+0x78abea]
V  [jvm.dll+0x678f35]
C  [ucrtbase.dll+0x37b0]
C  [KERNEL32.DLL+0x2e8d7]
C  [ntdll.dll+0x8c3fc]

VM_Operation (0x0000004796dfc0d0): G1CollectForAllocation, mode: safepoint, requested by thread 0x00000240f18047c0


---------------  P R O C E S S  ---------------

Threads class SMR info:
_java_thread_list=0x00000240debe44f0, length=18, elements={
0x00000240f18047c0, 0x00000240ffe05c50, 0x00000240ffe07620, 0x0000024096a7a2a0,
0x0000024096a7cc70, 0x0000024096a7d630, 0x0000024096a7ec00, 0x0000024096a88120,
0x0000024096a9a350, 0x0000024096a9e660, 0x0000024096bc2580, 0x0000024096bc46d0,
0x0000024096bd5090, 0x0000024096bdf420, 0x00000240dc10f2c0, 0x00000240dd4561c0,
0x00000240dc329520, 0x00000240dde33a70
}

Java Threads: ( => current thread )
  0x00000240f18047c0 JavaThread "main" [_thread_blocked, id=48440, stack(0x0000004796d00000,0x0000004796e00000)]
  0x00000240ffe05c50 JavaThread "Reference Handler" daemon [_thread_blocked, id=47636, stack(0x0000004797400000,0x0000004797500000)]
  0x00000240ffe07620 JavaThread "Finalizer" daemon [_thread_blocked, id=46780, stack(0x0000004797500000,0x0000004797600000)]
  0x0000024096a7a2a0 JavaThread "Signal Dispatcher" daemon [_thread_blocked, id=47784, stack(0x0000004797600000,0x0000004797700000)]
  0x0000024096a7cc70 JavaThread "Attach Listener" daemon [_thread_blocked, id=38804, stack(0x0000004797700000,0x0000004797800000)]
  0x0000024096a7d630 JavaThread "Service Thread" daemon [_thread_blocked, id=10948, stack(0x0000004797800000,0x0000004797900000)]
  0x0000024096a7ec00 JavaThread "Monitor Deflation Thread" daemon [_thread_blocked, id=44560, stack(0x0000004797900000,0x0000004797a00000)]
  0x0000024096a88120 JavaThread "C2 CompilerThread0" daemon [_thread_blocked, id=45896, stack(0x0000004797a00000,0x0000004797b00000)]
  0x0000024096a9a350 JavaThread "C1 CompilerThread0" daemon [_thread_blocked, id=47724, stack(0x0000004797b00000,0x0000004797c00000)]
  0x0000024096a9e660 JavaThread "Sweeper thread" daemon [_thread_blocked, id=19828, stack(0x0000004797c00000,0x0000004797d00000)]
  0x0000024096bc2580 JavaThread "C1 CompilerThread1" daemon [_thread_blocked, id=40712, stack(0x0000004797d00000,0x0000004797e00000)]
  0x0000024096bc46d0 JavaThread "C1 CompilerThread2" daemon [_thread_blocked, id=30668, stack(0x0000004797e00000,0x0000004797f00000)]
  0x0000024096bd5090 JavaThread "Notification Thread" daemon [_thread_blocked, id=10788, stack(0x0000004797f00000,0x0000004798000000)]
  0x0000024096bdf420 JavaThread "Common-Cleaner" daemon [_thread_blocked, id=41268, stack(0x0000004798100000,0x0000004798200000)]
  0x00000240dc10f2c0 JavaThread "C1 CompilerThread3" daemon [_thread_blocked, id=35380, stack(0x0000004798300000,0x0000004798400000)]
  0x00000240dd4561c0 JavaThread "Thread-1" daemon [_thread_blocked, id=42772, stack(0x0000004798d00000,0x0000004798e00000)]
  0x00000240dc329520 JavaThread "C2 CompilerThread1" daemon [_thread_blocked, id=49052, stack(0x0000004798200000,0x0000004798300000)]
  0x00000240dde33a70 JavaThread "C2 CompilerThread2" daemon [_thread_blocked, id=50036, stack(0x0000004798400000,0x0000004798500000)]

Other Threads:
=>0x00000240ffe012a0 VMThread "VM Thread" [stack: 0x0000004797300000,0x0000004797400000] [id=24732]
  0x0000024096bd9b00 WatcherThread [stack: 0x0000004798000000,0x0000004798100000] [id=30040]
  0x00000240f18737f0 GCTaskThread "GC Thread#0" [stack: 0x0000004796e00000,0x0000004796f00000] [id=48448]
  0x0000024096df9590 GCTaskThread "GC Thread#1" [stack: 0x0000004798500000,0x0000004798600000] [id=7192]
  0x00000240dd05a760 GCTaskThread "GC Thread#2" [stack: 0x0000004798600000,0x0000004798700000] [id=41156]
  0x00000240dd05aa20 GCTaskThread "GC Thread#3" [stack: 0x0000004798700000,0x0000004798800000] [id=18860]
  0x00000240dd05ace0 GCTaskThread "GC Thread#4" [stack: 0x0000004798800000,0x0000004798900000] [id=48212]
  0x00000240dc9bb3d0 GCTaskThread "GC Thread#5" [stack: 0x0000004798900000,0x0000004798a00000] [id=46880]
  0x00000240dca1aec0 GCTaskThread "GC Thread#6" [stack: 0x0000004798a00000,0x0000004798b00000] [id=39796]
  0x00000240dd341b60 GCTaskThread "GC Thread#7" [stack: 0x0000004798b00000,0x0000004798c00000] [id=41000]
  0x00000240dd341060 GCTaskThread "GC Thread#8" [stack: 0x0000004798c00000,0x0000004798d00000] [id=2764]
  0x00000240dd340560 GCTaskThread "GC Thread#9" [stack: 0x0000004798e00000,0x0000004798f00000] [id=47968]
  0x00000240dd340ae0 GCTaskThread "GC Thread#10" [stack: 0x0000004798f00000,0x0000004799000000] [id=34120]
  0x00000240dd3415e0 GCTaskThread "GC Thread#11" [stack: 0x0000004799000000,0x0000004799100000] [id=48780]
  0x00000240dd340da0 GCTaskThread "GC Thread#12" [stack: 0x0000004799100000,0x0000004799200000] [id=13124]
  0x00000240f1884710 ConcurrentGCThread "G1 Main Marker" [stack: 0x0000004796f00000,0x0000004797000000] [id=46736]
  0x00000240f1885020 ConcurrentGCThread "G1 Conc#0" [stack: 0x0000004797000000,0x0000004797100000] [id=40800]
  0x00000240dd5a2f90 ConcurrentGCThread "G1 Conc#1" [stack: 0x0000004799200000,0x0000004799300000] [id=43324]
  0x00000240dd5a1990 ConcurrentGCThread "G1 Conc#2" [stack: 0x0000004799300000,0x0000004799400000] [id=38736]
  0x00000240ffc9ed20 ConcurrentGCThread "G1 Refine#0" [stack: 0x0000004797100000,0x0000004797200000] [id=49676]
  0x00000240dd7b03a0 ConcurrentGCThread "G1 Refine#1" [stack: 0x0000004799500000,0x0000004799600000] [id=36976]
  0x00000240dd75da10 ConcurrentGCThread "G1 Refine#2" [stack: 0x0000004799600000,0x0000004799700000] [id=40052]
  0x00000240dce39d50 ConcurrentGCThread "G1 Refine#3" [stack: 0x0000004799700000,0x0000004799800000] [id=39972]
  0x00000240dd141c20 ConcurrentGCThread "G1 Refine#4" [stack: 0x0000004799800000,0x0000004799900000] [id=23680]
  0x00000240de6a3200 ConcurrentGCThread "G1 Refine#5" [stack: 0x0000004799900000,0x0000004799a00000] [id=46548]
  0x00000240ffc9f650 ConcurrentGCThread "G1 Service" [stack: 0x0000004797200000,0x0000004797300000] [id=26532]

Threads with active compile tasks:
C2 CompilerThread0    18102 9363   !   4       java.lang.ClassLoader::loadClass (121 bytes)
C2 CompilerThread1    18102 9716       4       lombok.javac.JavacAST::buildStatementOrExpression (104 bytes)
C2 CompilerThread2    18102 9720   !   4       lombok.core.AST::buildWithField0 (121 bytes)

VM state: at safepoint (normal execution)

VM Mutex/Monitor currently owned by a thread:  ([mutex/lock_event])
[0x00000240f1800850] Threads_lock - owner thread: 0x00000240ffe012a0
[0x00000240f1800fa0] Heap_lock - owner thread: 0x00000240f18047c0

Heap address: 0x000000070c000000, size: 3904 MB, Compressed Oops mode: Zero based, Oop shift amount: 3

CDS archive(s) mapped at: [0x0000024097000000-0x0000024097bd0000-0x0000024097bd0000), size 12386304, SharedBaseAddress: 0x0000024097000000, ArchiveRelocationMode: 1.
Compressed class space mapped at: 0x0000024098000000-0x00000240d8000000, reserved size: 1073741824
Narrow klass base: 0x0000024097000000, Narrow klass shift: 0, Narrow klass range: 0x100000000

GC Precious Log:
 CPUs: 16 total, 16 available
 Memory: 15610M
 Large Page Support: Disabled
 NUMA Support: Disabled
 Compressed Oops: Enabled (Zero based)
 Heap Region Size: 2M
 Heap Min Capacity: 8M
 Heap Initial Capacity: 244M
 Heap Max Capacity: 3904M
 Pre-touch: Disabled
 Parallel Workers: 13
 Concurrent Workers: 3
 Concurrent Refinement Workers: 13
 Periodic GC: Disabled

Heap:
 garbage-first heap   total 249856K, used 100944K [0x000000070c000000, 0x0000000800000000)
  region size 2048K, 1 young (2048K), 1 survivors (2048K)
 Metaspace       used 37411K, committed 37888K, reserved 1114112K
  class space    used 4189K, committed 4416K, reserved 1048576K

Heap Regions: E=young(eden), S=young(survivor), O=old, HS=humongous(starts), HC=humongous(continues), CS=collection set, F=free, OA=open archive, CA=closed archive, TAMS=top-at-mark-start (previous, next)
|   0|0x000000070c000000, 0x000000070c200000, 0x000000070c200000|100%| O|  |TAMS 0x000000070c200000, 0x000000070c000000| Untracked 
|   1|0x000000070c200000, 0x000000070c400000, 0x000000070c400000|100%| O|  |TAMS 0x000000070c400000, 0x000000070c200000| Untracked 
|   2|0x000000070c400000, 0x000000070c600000, 0x000000070c600000|100%| O|  |TAMS 0x000000070c600000, 0x000000070c400000| Untracked 
|   3|0x000000070c600000, 0x000000070c800000, 0x000000070c800000|100%| O|  |TAMS 0x000000070c800000, 0x000000070c600000| Untracked 
|   4|0x000000070c800000, 0x000000070ca00000, 0x000000070ca00000|100%| O|  |TAMS 0x000000070ca00000, 0x000000070c800000| Untracked 
|   5|0x000000070ca00000, 0x000000070cc00000, 0x000000070cc00000|100%| O|  |TAMS 0x000000070cc00000, 0x000000070ca00000| Untracked 
|   6|0x000000070cc00000, 0x000000070ce00000, 0x000000070ce00000|100%| O|  |TAMS 0x000000070ce00000, 0x000000070cc00000| Untracked 
|   7|0x000000070ce00000, 0x000000070d000000, 0x000000070d000000|100%| O|  |TAMS 0x000000070d000000, 0x000000070ce00000| Untracked 
|   8|0x000000070d000000, 0x000000070d000000, 0x000000070d200000|  0%| F|  |TAMS 0x000000070d000000, 0x000000070d000000| Untracked 
|   9|0x000000070d200000, 0x000000070d400000, 0x000000070d400000|100%| O|  |TAMS 0x000000070d364000, 0x000000070d200000| Untracked 
|  10|0x000000070d400000, 0x000000070d600000, 0x000000070d600000|100%| O|  |TAMS 0x000000070d600000, 0x000000070d400000| Untracked 
|  11|0x000000070d600000, 0x000000070d800000, 0x000000070d800000|100%| O|  |TAMS 0x000000070d600000, 0x000000070d600000| Untracked 
|  12|0x000000070d800000, 0x000000070d933a00, 0x000000070da00000| 60%| O|  |TAMS 0x000000070d800000, 0x000000070d800000| Untracked 
|  13|0x000000070da00000, 0x000000070dc00000, 0x000000070dc00000|100%| O|  |TAMS 0x000000070dc00000, 0x000000070da00000| Untracked 
|  14|0x000000070dc00000, 0x000000070de00000, 0x000000070de00000|100%| O|  |TAMS 0x000000070de00000, 0x000000070dc00000| Untracked 
|  15|0x000000070de00000, 0x000000070e000000, 0x000000070e000000|100%| O|  |TAMS 0x000000070e000000, 0x000000070de00000| Untracked 
|  16|0x000000070e000000, 0x000000070e200000, 0x000000070e200000|100%| O|  |TAMS 0x000000070e200000, 0x000000070e000000| Untracked 
|  17|0x000000070e200000, 0x000000070e400000, 0x000000070e400000|100%| O|  |TAMS 0x000000070e400000, 0x000000070e200000| Untracked 
|  18|0x000000070e400000, 0x000000070e600000, 0x000000070e600000|100%| O|  |TAMS 0x000000070e600000, 0x000000070e400000| Untracked 
|  19|0x000000070e600000, 0x000000070e800000, 0x000000070e800000|100%| O|  |TAMS 0x000000070e800000, 0x000000070e600000| Untracked 
|  20|0x000000070e800000, 0x000000070ea00000, 0x000000070ea00000|100%| O|  |TAMS 0x000000070ea00000, 0x000000070e800000| Untracked 
|  21|0x000000070ea00000, 0x000000070ec00000, 0x000000070ec00000|100%| O|  |TAMS 0x000000070ec00000, 0x000000070ea00000| Untracked 
|  22|0x000000070ec00000, 0x000000070ee00000, 0x000000070ee00000|100%| O|  |TAMS 0x000000070ee00000, 0x000000070ec00000| Untracked 
|  23|0x000000070ee00000, 0x000000070f000000, 0x000000070f000000|100%| O|  |TAMS 0x000000070f000000, 0x000000070ee00000| Untracked 
|  24|0x000000070f000000, 0x000000070f200000, 0x000000070f200000|100%| O|  |TAMS 0x000000070f200000, 0x000000070f000000| Untracked 
|  25|0x000000070f200000, 0x000000070f400000, 0x000000070f400000|100%| O|  |TAMS 0x000000070f400000, 0x000000070f200000| Untracked 
|  26|0x000000070f400000, 0x000000070f600000, 0x000000070f600000|100%| O|  |TAMS 0x000000070f600000, 0x000000070f400000| Untracked 
|  27|0x000000070f600000, 0x000000070f800000, 0x000000070f800000|100%| O|  |TAMS 0x000000070f800000, 0x000000070f600000| Untracked 
|  28|0x000000070f800000, 0x000000070fa00000, 0x000000070fa00000|100%| O|  |TAMS 0x000000070fa00000, 0x000000070f800000| Untracked 
|  29|0x000000070fa00000, 0x000000070fc00000, 0x000000070fc00000|100%| O|  |TAMS 0x000000070fc00000, 0x000000070fa00000| Untracked 
|  30|0x000000070fc00000, 0x000000070fe00000, 0x000000070fe00000|100%| O|  |TAMS 0x000000070fe00000, 0x000000070fc00000| Untracked 
|  31|0x000000070fe00000, 0x0000000710000000, 0x0000000710000000|100%| O|  |TAMS 0x0000000710000000, 0x000000070fe00000| Untracked 
|  32|0x0000000710000000, 0x0000000710200000, 0x0000000710200000|100%| O|  |TAMS 0x0000000710200000, 0x0000000710000000| Untracked 
|  33|0x0000000710200000, 0x0000000710400000, 0x0000000710400000|100%| O|  |TAMS 0x0000000710400000, 0x0000000710200000| Untracked 
|  34|0x0000000710400000, 0x0000000710600000, 0x0000000710600000|100%|HS|  |TAMS 0x0000000710600000, 0x0000000710400000| Complete 
|  35|0x0000000710600000, 0x0000000710800000, 0x0000000710800000|100%| O|  |TAMS 0x0000000710800000, 0x0000000710600000| Untracked 
|  36|0x0000000710800000, 0x0000000710a00000, 0x0000000710a00000|100%| O|  |TAMS 0x0000000710a00000, 0x0000000710800000| Untracked 
|  37|0x0000000710a00000, 0x0000000710c00000, 0x0000000710c00000|100%| O|  |TAMS 0x0000000710c00000, 0x0000000710a00000| Untracked 
|  38|0x0000000710c00000, 0x0000000710e00000, 0x0000000710e00000|100%| O|  |TAMS 0x0000000710e00000, 0x0000000710c00000| Untracked 
|  39|0x0000000710e00000, 0x0000000711000000, 0x0000000711000000|100%| O|  |TAMS 0x0000000711000000, 0x0000000710e00000| Untracked 
|  40|0x0000000711000000, 0x0000000711200000, 0x0000000711200000|100%| O|  |TAMS 0x0000000711200000, 0x0000000711000000| Untracked 
|  41|0x0000000711200000, 0x0000000711400000, 0x0000000711400000|100%| O|  |TAMS 0x0000000711400000, 0x0000000711200000| Untracked 
|  42|0x0000000711400000, 0x0000000711600000, 0x0000000711600000|100%| O|  |TAMS 0x0000000711600000, 0x0000000711400000| Untracked 
|  43|0x0000000711600000, 0x0000000711800000, 0x0000000711800000|100%| O|  |TAMS 0x0000000711800000, 0x0000000711600000| Untracked 
|  44|0x0000000711800000, 0x0000000711a00000, 0x0000000711a00000|100%| O|  |TAMS 0x0000000711a00000, 0x0000000711800000| Untracked 
|  45|0x0000000711a00000, 0x0000000711c00000, 0x0000000711c00000|100%| O|  |TAMS 0x0000000711c00000, 0x0000000711a00000| Untracked 
|  46|0x0000000711c00000, 0x0000000711e00000, 0x0000000711e00000|100%| O|  |TAMS 0x0000000711e00000, 0x0000000711c00000| Untracked 
|  47|0x0000000711e00000, 0x0000000711e00000, 0x0000000712000000|  0%| F|  |TAMS 0x0000000711e00000, 0x0000000711e00000| Untracked 
|  48|0x0000000712000000, 0x0000000712200000, 0x0000000712200000|100%| O|  |TAMS 0x0000000712200000, 0x0000000712000000| Untracked 
|  49|0x0000000712200000, 0x0000000712400000, 0x0000000712400000|100%| O|  |TAMS 0x0000000712400000, 0x0000000712200000| Untracked 
|  50|0x0000000712400000, 0x0000000712600000, 0x0000000712600000|100%| O|  |TAMS 0x0000000712600000, 0x0000000712400000| Untracked 
|  51|0x0000000712600000, 0x0000000712600000, 0x0000000712800000|  0%| F|  |TAMS 0x0000000712600000, 0x0000000712600000| Untracked 
|  52|0x0000000712800000, 0x0000000712800000, 0x0000000712a00000|  0%| F|  |TAMS 0x0000000712800000, 0x0000000712800000| Untracked 
|  53|0x0000000712a00000, 0x0000000712a00000, 0x0000000712c00000|  0%| F|  |TAMS 0x0000000712a00000, 0x0000000712a00000| Untracked 
|  54|0x0000000712c00000, 0x0000000712c00000, 0x0000000712e00000|  0%| F|  |TAMS 0x0000000712c00000, 0x0000000712c00000| Untracked 
|  55|0x0000000712e00000, 0x0000000712e00000, 0x0000000713000000|  0%| F|  |TAMS 0x0000000712e00000, 0x0000000712e00000| Untracked 
|  56|0x0000000713000000, 0x0000000713000000, 0x0000000713200000|  0%| F|  |TAMS 0x0000000713000000, 0x0000000713000000| Untracked 
|  57|0x0000000713200000, 0x0000000713200000, 0x0000000713400000|  0%| F|  |TAMS 0x0000000713200000, 0x0000000713200000| Untracked 
|  58|0x0000000713400000, 0x0000000713400000, 0x0000000713600000|  0%| F|  |TAMS 0x0000000713400000, 0x0000000713400000| Untracked 
|  59|0x0000000713600000, 0x0000000713600000, 0x0000000713800000|  0%| F|  |TAMS 0x0000000713600000, 0x0000000713600000| Untracked 
|  60|0x0000000713800000, 0x0000000713800000, 0x0000000713a00000|  0%| F|  |TAMS 0x0000000713800000, 0x0000000713800000| Untracked 
|  61|0x0000000713a00000, 0x0000000713a00000, 0x0000000713c00000|  0%| F|  |TAMS 0x0000000713a00000, 0x0000000713a00000| Untracked 
|  62|0x0000000713c00000, 0x0000000713c00000, 0x0000000713e00000|  0%| F|  |TAMS 0x0000000713c00000, 0x0000000713c00000| Untracked 
|  63|0x0000000713e00000, 0x0000000713e00000, 0x0000000714000000|  0%| F|  |TAMS 0x0000000713e00000, 0x0000000713e00000| Untracked 
|  64|0x0000000714000000, 0x0000000714000000, 0x0000000714200000|  0%| F|  |TAMS 0x0000000714000000, 0x0000000714000000| Untracked 
|  65|0x0000000714200000, 0x0000000714200000, 0x0000000714400000|  0%| F|  |TAMS 0x0000000714200000, 0x0000000714200000| Untracked 
|  66|0x0000000714400000, 0x0000000714400000, 0x0000000714600000|  0%| F|  |TAMS 0x0000000714400000, 0x0000000714400000| Untracked 
|  67|0x0000000714600000, 0x0000000714760700, 0x0000000714800000| 68%| S|CS|TAMS 0x0000000714600000, 0x0000000714600000| Complete 
|  68|0x0000000714800000, 0x0000000714800000, 0x0000000714a00000|  0%| F|  |TAMS 0x0000000714800000, 0x0000000714800000| Untracked 
|  69|0x0000000714a00000, 0x0000000714a00000, 0x0000000714c00000|  0%| F|  |TAMS 0x0000000714a00000, 0x0000000714a00000| Untracked 
|  70|0x0000000714c00000, 0x0000000714c00000, 0x0000000714e00000|  0%| F|  |TAMS 0x0000000714c00000, 0x0000000714c00000| Untracked 
|  71|0x0000000714e00000, 0x0000000714e00000, 0x0000000715000000|  0%| F|  |TAMS 0x0000000714e00000, 0x0000000714e00000| Untracked 
|  72|0x0000000715000000, 0x0000000715000000, 0x0000000715200000|  0%| F|  |TAMS 0x0000000715000000, 0x0000000715000000| Untracked 
|  73|0x0000000715200000, 0x0000000715200000, 0x0000000715400000|  0%| F|  |TAMS 0x0000000715200000, 0x0000000715200000| Untracked 
|  74|0x0000000715400000, 0x0000000715400000, 0x0000000715600000|  0%| F|  |TAMS 0x0000000715400000, 0x0000000715400000| Untracked 
|  75|0x0000000715600000, 0x0000000715600000, 0x0000000715800000|  0%| F|  |TAMS 0x0000000715600000, 0x0000000715600000| Untracked 
|  76|0x0000000715800000, 0x0000000715800000, 0x0000000715a00000|  0%| F|  |TAMS 0x0000000715800000, 0x0000000715800000| Untracked 
|  77|0x0000000715a00000, 0x0000000715a00000, 0x0000000715c00000|  0%| F|  |TAMS 0x0000000715a00000, 0x0000000715a00000| Untracked 
|  78|0x0000000715c00000, 0x0000000715c00000, 0x0000000715e00000|  0%| F|  |TAMS 0x0000000715c00000, 0x0000000715c00000| Untracked 
|  79|0x0000000715e00000, 0x0000000715e00000, 0x0000000716000000|  0%| F|  |TAMS 0x0000000715e00000, 0x0000000715e00000| Untracked 
|  80|0x0000000716000000, 0x0000000716000000, 0x0000000716200000|  0%| F|  |TAMS 0x0000000716000000, 0x0000000716000000| Untracked 
|  81|0x0000000716200000, 0x0000000716200000, 0x0000000716400000|  0%| F|  |TAMS 0x0000000716200000, 0x0000000716200000| Untracked 
|  82|0x0000000716400000, 0x0000000716400000, 0x0000000716600000|  0%| F|  |TAMS 0x0000000716400000, 0x0000000716400000| Untracked 
|  83|0x0000000716600000, 0x0000000716600000, 0x0000000716800000|  0%| F|  |TAMS 0x0000000716600000, 0x0000000716600000| Untracked 
|  84|0x0000000716800000, 0x0000000716800000, 0x0000000716a00000|  0%| F|  |TAMS 0x0000000716800000, 0x0000000716800000| Untracked 
|  85|0x0000000716a00000, 0x0000000716a00000, 0x0000000716c00000|  0%| F|  |TAMS 0x0000000716a00000, 0x0000000716a00000| Untracked 
|  86|0x0000000716c00000, 0x0000000716c00000, 0x0000000716e00000|  0%| F|  |TAMS 0x0000000716c00000, 0x0000000716c00000| Untracked 
|  87|0x0000000716e00000, 0x0000000716e00000, 0x0000000717000000|  0%| F|  |TAMS 0x0000000716e00000, 0x0000000716e00000| Untracked 
|  88|0x0000000717000000, 0x0000000717000000, 0x0000000717200000|  0%| F|  |TAMS 0x0000000717000000, 0x0000000717000000| Untracked 
|  89|0x0000000717200000, 0x0000000717200000, 0x0000000717400000|  0%| F|  |TAMS 0x0000000717200000, 0x0000000717200000| Untracked 
|  90|0x0000000717400000, 0x0000000717400000, 0x0000000717600000|  0%| F|  |TAMS 0x0000000717400000, 0x0000000717400000| Untracked 
|  91|0x0000000717600000, 0x0000000717600000, 0x0000000717800000|  0%| F|  |TAMS 0x0000000717600000, 0x0000000717600000| Untracked 
|  92|0x0000000717800000, 0x0000000717800000, 0x0000000717a00000|  0%| F|  |TAMS 0x0000000717800000, 0x0000000717800000| Untracked 
|  93|0x0000000717a00000, 0x0000000717a00000, 0x0000000717c00000|  0%| F|  |TAMS 0x0000000717a00000, 0x0000000717a00000| Untracked 
|  94|0x0000000717c00000, 0x0000000717c00000, 0x0000000717e00000|  0%| F|  |TAMS 0x0000000717c00000, 0x0000000717c00000| Untracked 
|  95|0x0000000717e00000, 0x0000000717e00000, 0x0000000718000000|  0%| F|  |TAMS 0x0000000717e00000, 0x0000000717e00000| Untracked 
|  96|0x0000000718000000, 0x0000000718000000, 0x0000000718200000|  0%| F|  |TAMS 0x0000000718000000, 0x0000000718000000| Untracked 
|  97|0x0000000718200000, 0x0000000718200000, 0x0000000718400000|  0%| F|  |TAMS 0x0000000718200000, 0x0000000718200000| Untracked 
|  98|0x0000000718400000, 0x0000000718400000, 0x0000000718600000|  0%| F|  |TAMS 0x0000000718400000, 0x0000000718400000| Untracked 
|  99|0x0000000718600000, 0x0000000718600000, 0x0000000718800000|  0%| F|  |TAMS 0x0000000718600000, 0x0000000718600000| Untracked 
| 100|0x0000000718800000, 0x0000000718800000, 0x0000000718a00000|  0%| F|  |TAMS 0x0000000718800000, 0x0000000718800000| Untracked 
| 101|0x0000000718a00000, 0x0000000718a00000, 0x0000000718c00000|  0%| F|  |TAMS 0x0000000718a00000, 0x0000000718a00000| Untracked 
| 102|0x0000000718c00000, 0x0000000718c00000, 0x0000000718e00000|  0%| F|  |TAMS 0x0000000718c00000, 0x0000000718c00000| Untracked 
| 103|0x0000000718e00000, 0x0000000718e00000, 0x0000000719000000|  0%| F|  |TAMS 0x0000000718e00000, 0x0000000718e00000| Untracked 
| 104|0x0000000719000000, 0x0000000719000000, 0x0000000719200000|  0%| F|  |TAMS 0x0000000719000000, 0x0000000719000000| Untracked 
| 105|0x0000000719200000, 0x0000000719200000, 0x0000000719400000|  0%| F|  |TAMS 0x0000000719200000, 0x0000000719200000| Untracked 
| 106|0x0000000719400000, 0x0000000719400000, 0x0000000719600000|  0%| F|  |TAMS 0x0000000719400000, 0x0000000719400000| Untracked 
| 107|0x0000000719600000, 0x0000000719600000, 0x0000000719800000|  0%| F|  |TAMS 0x0000000719600000, 0x0000000719600000| Untracked 
| 108|0x0000000719800000, 0x0000000719800000, 0x0000000719a00000|  0%| F|  |TAMS 0x0000000719800000, 0x0000000719800000| Untracked 
| 109|0x0000000719a00000, 0x0000000719a00000, 0x0000000719c00000|  0%| F|  |TAMS 0x0000000719a00000, 0x0000000719a00000| Untracked 
| 110|0x0000000719c00000, 0x0000000719c00000, 0x0000000719e00000|  0%| F|  |TAMS 0x0000000719c00000, 0x0000000719c00000| Untracked 
| 111|0x0000000719e00000, 0x0000000719e00000, 0x000000071a000000|  0%| F|  |TAMS 0x0000000719e00000, 0x0000000719e00000| Untracked 
| 112|0x000000071a000000, 0x000000071a000000, 0x000000071a200000|  0%| F|  |TAMS 0x000000071a000000, 0x000000071a000000| Untracked 
| 113|0x000000071a200000, 0x000000071a200000, 0x000000071a400000|  0%| F|  |TAMS 0x000000071a200000, 0x000000071a200000| Untracked 
| 114|0x000000071a400000, 0x000000071a400000, 0x000000071a600000|  0%| F|  |TAMS 0x000000071a400000, 0x000000071a400000| Untracked 
| 115|0x000000071a600000, 0x000000071a600000, 0x000000071a800000|  0%| F|  |TAMS 0x000000071a600000, 0x000000071a600000| Untracked 
| 116|0x000000071a800000, 0x000000071a800000, 0x000000071aa00000|  0%| F|  |TAMS 0x000000071a800000, 0x000000071a800000| Untracked 
| 117|0x000000071aa00000, 0x000000071aa00000, 0x000000071ac00000|  0%| F|  |TAMS 0x000000071aa00000, 0x000000071aa00000| Untracked 
| 118|0x000000071ac00000, 0x000000071ac00000, 0x000000071ae00000|  0%| F|  |TAMS 0x000000071ac00000, 0x000000071ac00000| Untracked 
| 119|0x000000071ae00000, 0x000000071ae00000, 0x000000071b000000|  0%| F|  |TAMS 0x000000071ae00000, 0x000000071ae00000| Untracked 
| 120|0x000000071b000000, 0x000000071b000000, 0x000000071b200000|  0%| F|  |TAMS 0x000000071b000000, 0x000000071b000000| Untracked 
| 121|0x000000071b200000, 0x000000071b200000, 0x000000071b400000|  0%| F|  |TAMS 0x000000071b200000, 0x000000071b200000| Untracked 

Card table byte_map: [0x00000240fbe30000,0x00000240fc5d0000] _byte_map_base: 0x00000240f85d0000

Marking Bits (Prev, Next): (CMBitMap*) 0x00000240f1873d50, (CMBitMap*) 0x00000240f1873d10
 Prev Bits: [0x0000024092d00000, 0x0000024096a00000)
 Next Bits: [0x000002408f000000, 0x0000024092d00000)

Polling page: 0x00000240f1580000

Metaspace:

Usage:
  Non-class:     32.44 MB used.
      Class:      4.09 MB used.
       Both:     36.54 MB used.

Virtual space:
  Non-class space:       64.00 MB reserved,      32.69 MB ( 51%) committed,  1 nodes.
      Class space:        1.00 GB reserved,       4.31 MB ( <1%) committed,  1 nodes.
             Both:        1.06 GB reserved,      37.00 MB (  3%) committed. 

Chunk freelists:
   Non-Class:  15.03 MB
       Class:  11.54 MB
        Both:  26.57 MB

MaxMetaspaceSize: unlimited
CompressedClassSpaceSize: 1.00 GB
Initial GC threshold: 21.00 MB
Current GC threshold: 61.50 MB
CDS: on
MetaspaceReclaimPolicy: balanced
 - commit_granule_bytes: 65536.
 - commit_granule_words: 8192.
 - virtual_space_node_default_size: 8388608.
 - enlarge_chunks_in_place: 1.
 - new_chunks_are_fully_committed: 0.
 - uncommit_free_chunks: 1.
 - use_allocation_guard: 0.
 - handle_deallocations: 1.


Internal statistics:

num_allocs_failed_limit: 6.
num_arena_births: 336.
num_arena_deaths: 6.
num_vsnodes_births: 2.
num_vsnodes_deaths: 0.
num_space_committed: 608.
num_space_uncommitted: 16.
num_chunks_returned_to_freelist: 73.
num_chunks_taken_from_freelist: 1797.
num_chunk_merges: 29.
num_chunk_splits: 1189.
num_chunks_enlarged: 879.
num_inconsistent_stats: 0.

CodeHeap 'non-profiled nmethods': size=119168Kb used=6069Kb max_used=6069Kb free=113098Kb
 bounds [0x0000024087ba0000, 0x0000024088190000, 0x000002408f000000]
CodeHeap 'profiled nmethods': size=119104Kb used=20725Kb max_used=20725Kb free=98378Kb
 bounds [0x0000024080000000, 0x0000024081440000, 0x0000024087450000]
CodeHeap 'non-nmethods': size=7488Kb used=2933Kb max_used=3056Kb free=4554Kb
 bounds [0x0000024087450000, 0x0000024087770000, 0x0000024087ba0000]
 total_blobs=9227 nmethods=8670 adapters=466
 compilation: enabled
              stopped_count=0, restarted_count=0
 full_count=0

Compilation events (20 events):
Event: 16.544 Thread 0x0000024096bc2580 nmethod 10153 0x000002408143ae90 code [0x000002408143b020, 0x000002408143b278]
Event: 16.544 Thread 0x0000024096bc46d0 nmethod 10154 0x000002408143b310 code [0x000002408143b4c0, 0x000002408143b7e8]
Event: 16.548 Thread 0x0000024096bc2580 10155       2       com.sun.tools.javac.comp.TypeEnter$ImportsPhase$$Lambda$362/0x00000240983560a0::<init> (15 bytes)
Event: 16.548 Thread 0x00000240dc10f2c0 10156       2       com.sun.tools.javac.comp.TypeEnter$ImportsPhase$$Lambda$363/0x00000240983562c0::<init> (15 bytes)
Event: 16.548 Thread 0x0000024096bc2580 nmethod 10155 0x000002408143b910 code [0x000002408143baa0, 0x000002408143bc78]
Event: 16.548 Thread 0x00000240dc10f2c0 nmethod 10156 0x000002408143bd10 code [0x000002408143bea0, 0x000002408143c078]
Event: 16.553 Thread 0x0000024096a9a350 10158       2       com.sun.tools.javac.comp.AttrContext::dup (9 bytes)
Event: 16.553 Thread 0x0000024096a9a350 nmethod 10158 0x000002408143c110 code [0x000002408143c2a0, 0x000002408143c3c8]
Event: 16.553 Thread 0x0000024096bc2580 10159       2       com.sun.tools.javac.comp.TypeEnter$$Lambda$391/0x0000024098360b40::run (4 bytes)
Event: 16.553 Thread 0x00000240dc10f2c0 10160       2       com.sun.tools.javac.comp.TypeEnter::lambda$complete$1 (1 bytes)
Event: 16.553 Thread 0x0000024096bc2580 nmethod 10159 0x00000240805e1e90 code [0x00000240805e2020, 0x00000240805e2118]
Event: 16.553 Thread 0x00000240dc10f2c0 nmethod 10160 0x0000024080611710 code [0x00000240806118a0, 0x0000024080611978]
Event: 16.560 Thread 0x0000024096bc2580 10163       2       com.sun.tools.javac.comp.TypeEnter$BasicConstructorHelper::constructorType (49 bytes)
Event: 16.561 Thread 0x0000024096bc2580 nmethod 10163 0x000002408143c490 code [0x000002408143c640, 0x000002408143ca98]
Event: 16.561 Thread 0x0000024096bc2580 10164       2       com.sun.tools.javac.comp.Resolve::findIdentInType (22 bytes)
Event: 16.561 Thread 0x00000240dc10f2c0 10165       2       com.sun.tools.javac.comp.Resolve::findIdentInTypeInternal (97 bytes)
Event: 16.561 Thread 0x0000024096bc2580 nmethod 10164 0x000002408143cb90 code [0x000002408143cd40, 0x000002408143cec8]
Event: 16.561 Thread 0x00000240dc10f2c0 nmethod 10165 0x000002408143d010 code [0x000002408143d200, 0x000002408143d5f8]
Event: 16.563 Thread 0x00000240dc10f2c0 10166       3       java.util.WeakHashMap::put (160 bytes)
Event: 16.564 Thread 0x00000240dc10f2c0 nmethod 10166 0x000002408143d910 code [0x000002408143dba0, 0x000002408143ec28]

GC Heap History (20 events):
Event: 14.163 GC heap after
{Heap after GC invocations=18 (full 0):
 garbage-first heap   total 169984K, used 99328K [0x000000070c000000, 0x0000000800000000)
  region size 2048K, 4 young (8192K), 4 survivors (8192K)
 Metaspace       used 35035K, committed 35520K, reserved 1114112K
  class space    used 3956K, committed 4224K, reserved 1048576K
}
Event: 14.537 GC heap before
{Heap before GC invocations=18 (full 0):
 garbage-first heap   total 169984K, used 128000K [0x000000070c000000, 0x0000000800000000)
  region size 2048K, 18 young (36864K), 4 survivors (8192K)
 Metaspace       used 35428K, committed 35904K, reserved 1114112K
  class space    used 3977K, committed 4224K, reserved 1048576K
}
Event: 14.547 GC heap after
{Heap after GC invocations=19 (full 0):
 garbage-first heap   total 169984K, used 104925K [0x000000070c000000, 0x0000000800000000)
  region size 2048K, 3 young (6144K), 3 survivors (6144K)
 Metaspace       used 35428K, committed 35904K, reserved 1114112K
  class space    used 3977K, committed 4224K, reserved 1048576K
}
Event: 15.372 GC heap before
{Heap before GC invocations=20 (full 0):
 garbage-first heap   total 174080K, used 125405K [0x000000070c000000, 0x0000000800000000)
  region size 2048K, 16 young (32768K), 3 survivors (6144K)
 Metaspace       used 36565K, committed 36928K, reserved 1114112K
  class space    used 4116K, committed 4288K, reserved 1048576K
}
Event: 15.376 GC heap after
{Heap after GC invocations=21 (full 0):
 garbage-first heap   total 174080K, used 101936K [0x000000070c000000, 0x0000000800000000)
  region size 2048K, 1 young (2048K), 1 survivors (2048K)
 Metaspace       used 36565K, committed 36928K, reserved 1114112K
  class space    used 4116K, committed 4288K, reserved 1048576K
}
Event: 15.411 GC heap before
{Heap before GC invocations=21 (full 0):
 garbage-first heap   total 174080K, used 108080K [0x000000070c000000, 0x0000000800000000)
  region size 2048K, 4 young (8192K), 1 survivors (2048K)
 Metaspace       used 36613K, committed 36992K, reserved 1114112K
  class space    used 4116K, committed 4288K, reserved 1048576K
}
Event: 15.412 GC heap after
{Heap after GC invocations=22 (full 0):
 garbage-first heap   total 174080K, used 98007K [0x000000070c000000, 0x0000000800000000)
  region size 2048K, 1 young (2048K), 1 survivors (2048K)
 Metaspace       used 36613K, committed 36992K, reserved 1114112K
  class space    used 4116K, committed 4288K, reserved 1048576K
}
Event: 15.639 GC heap before
{Heap before GC invocations=22 (full 0):
 garbage-first heap   total 174080K, used 132823K [0x000000070c000000, 0x0000000800000000)
  region size 2048K, 18 young (36864K), 1 survivors (2048K)
 Metaspace       used 36987K, committed 37440K, reserved 1114112K
  class space    used 4163K, committed 4352K, reserved 1048576K
}
Event: 15.641 GC heap after
{Heap after GC invocations=23 (full 0):
 garbage-first heap   total 208896K, used 98443K [0x000000070c000000, 0x0000000800000000)
  region size 2048K, 1 young (2048K), 1 survivors (2048K)
 Metaspace       used 36987K, committed 37440K, reserved 1114112K
  class space    used 4163K, committed 4352K, reserved 1048576K
}
Event: 15.903 GC heap before
{Heap before GC invocations=24 (full 0):
 garbage-first heap   total 208896K, used 159883K [0x000000070c000000, 0x0000000800000000)
  region size 2048K, 31 young (63488K), 1 survivors (2048K)
 Metaspace       used 37215K, committed 37696K, reserved 1114112K
  class space    used 4183K, committed 4416K, reserved 1048576K
}
Event: 15.906 GC heap after
{Heap after GC invocations=25 (full 0):
 garbage-first heap   total 208896K, used 99471K [0x000000070c000000, 0x0000000800000000)
  region size 2048K, 1 young (2048K), 1 survivors (2048K)
 Metaspace       used 37215K, committed 37696K, reserved 1114112K
  class space    used 4183K, committed 4416K, reserved 1048576K
}
Event: 15.919 GC heap before
{Heap before GC invocations=25 (full 0):
 garbage-first heap   total 208896K, used 107663K [0x000000070c000000, 0x0000000800000000)
  region size 2048K, 5 young (10240K), 1 survivors (2048K)
 Metaspace       used 37221K, committed 37696K, reserved 1114112K
  class space    used 4183K, committed 4416K, reserved 1048576K
}
Event: 15.922 GC heap after
{Heap after GC invocations=26 (full 0):
 garbage-first heap   total 208896K, used 98221K [0x000000070c000000, 0x0000000800000000)
  region size 2048K, 1 young (2048K), 1 survivors (2048K)
 Metaspace       used 37221K, committed 37696K, reserved 1114112K
  class space    used 4183K, committed 4416K, reserved 1048576K
}
Event: 16.045 GC heap before
{Heap before GC invocations=26 (full 0):
 garbage-first heap   total 208896K, used 161709K [0x000000070c000000, 0x0000000800000000)
  region size 2048K, 32 young (65536K), 1 survivors (2048K)
 Metaspace       used 37277K, committed 37760K, reserved 1114112K
  class space    used 4186K, committed 4416K, reserved 1048576K
}
Event: 16.048 GC heap after
{Heap after GC invocations=27 (full 0):
 garbage-first heap   total 208896K, used 99608K [0x000000070c000000, 0x0000000800000000)
  region size 2048K, 1 young (2048K), 1 survivors (2048K)
 Metaspace       used 37277K, committed 37760K, reserved 1114112K
  class space    used 4186K, committed 4416K, reserved 1048576K
}
Event: 16.269 GC heap before
{Heap before GC invocations=28 (full 0):
 garbage-first heap   total 208896K, used 167192K [0x000000070c000000, 0x0000000800000000)
  region size 2048K, 34 young (69632K), 1 survivors (2048K)
 Metaspace       used 37307K, committed 37760K, reserved 1114112K
  class space    used 4187K, committed 4416K, reserved 1048576K
}
Event: 16.274 GC heap after
{Heap after GC invocations=29 (full 0):
 garbage-first heap   total 208896K, used 101314K [0x000000070c000000, 0x0000000800000000)
  region size 2048K, 2 young (4096K), 2 survivors (4096K)
 Metaspace       used 37307K, committed 37760K, reserved 1114112K
  class space    used 4187K, committed 4416K, reserved 1048576K
}
Event: 16.288 GC heap before
{Heap before GC invocations=29 (full 0):
 garbage-first heap   total 208896K, used 107458K [0x000000070c000000, 0x0000000800000000)
  region size 2048K, 5 young (10240K), 2 survivors (4096K)
 Metaspace       used 37315K, committed 37760K, reserved 1114112K
  class space    used 4188K, committed 4416K, reserved 1048576K
}
Event: 16.292 GC heap after
{Heap after GC invocations=30 (full 0):
 garbage-first heap   total 208896K, used 100067K [0x000000070c000000, 0x0000000800000000)
  region size 2048K, 1 young (2048K), 1 survivors (2048K)
 Metaspace       used 37315K, committed 37760K, reserved 1114112K
  class space    used 4188K, committed 4416K, reserved 1048576K
}
Event: 16.572 GC heap before
{Heap before GC invocations=30 (full 0):
 garbage-first heap   total 208896K, used 167651K [0x000000070c000000, 0x0000000800000000)
  region size 2048K, 34 young (69632K), 1 survivors (2048K)
 Metaspace       used 37411K, committed 37888K, reserved 1114112K
  class space    used 4189K, committed 4416K, reserved 1048576K
}

Deoptimization events (20 events):
Event: 16.204 Thread 0x00000240f18047c0 Uncommon trap: trap_request=0xffffffc6 fr.pc=0x0000024088165d14 relative=0x0000000000001f74
Event: 16.204 Thread 0x00000240f18047c0 Uncommon trap: reason=bimorphic_or_optimized_type_check action=maybe_recompile pc=0x0000024088165d14 method=java.util.concurrent.ConcurrentHashMap.putVal(Ljava/lang/Object;Ljava/lang/Object;Z)Ljava/lang/Object; @ 242 c2
Event: 16.204 Thread 0x00000240f18047c0 DEOPT PACKING pc=0x0000024088165d14 sp=0x0000004796dfc460
Event: 16.204 Thread 0x00000240f18047c0 DEOPT UNPACKING pc=0x00000240874a23a3 sp=0x0000004796dfc3f0 mode 2
Event: 16.313 Thread 0x00000240f18047c0 Uncommon trap: trap_request=0xffffff45 fr.pc=0x0000024087d01114 relative=0x0000000000000454
Event: 16.313 Thread 0x00000240f18047c0 Uncommon trap: reason=unstable_if action=reinterpret pc=0x0000024087d01114 method=java.util.IdentityHashMap.closeDeletion(I)V @ 55 c2
Event: 16.313 Thread 0x00000240f18047c0 DEOPT PACKING pc=0x0000024087d01114 sp=0x0000004796dfca70
Event: 16.313 Thread 0x00000240f18047c0 DEOPT UNPACKING pc=0x00000240874a23a3 sp=0x0000004796dfc988 mode 2
Event: 16.313 Thread 0x00000240f18047c0 Uncommon trap: trap_request=0xffffff45 fr.pc=0x0000024087ea0ec8 relative=0x00000000000001a8
Event: 16.313 Thread 0x00000240f18047c0 Uncommon trap: reason=unstable_if action=reinterpret pc=0x0000024087ea0ec8 method=java.util.IdentityHashMap.closeDeletion(I)V @ 55 c2
Event: 16.314 Thread 0x00000240f18047c0 DEOPT PACKING pc=0x0000024087ea0ec8 sp=0x0000004796dfc9f0
Event: 16.314 Thread 0x00000240f18047c0 DEOPT UNPACKING pc=0x00000240874a23a3 sp=0x0000004796dfc980 mode 2
Event: 16.337 Thread 0x00000240f18047c0 Uncommon trap: trap_request=0xffffff45 fr.pc=0x0000024087f52bc4 relative=0x00000000000014c4
Event: 16.337 Thread 0x00000240f18047c0 Uncommon trap: reason=unstable_if action=reinterpret pc=0x0000024087f52bc4 method=java.util.WeakHashMap.put(Ljava/lang/Object;Ljava/lang/Object;)Ljava/lang/Object; @ 70 c2
Event: 16.337 Thread 0x00000240f18047c0 DEOPT PACKING pc=0x0000024087f52bc4 sp=0x0000004796dfcbe0
Event: 16.337 Thread 0x00000240f18047c0 DEOPT UNPACKING pc=0x00000240874a23a3 sp=0x0000004796dfcbd8 mode 2
Event: 16.360 Thread 0x00000240f18047c0 Uncommon trap: trap_request=0xffffff45 fr.pc=0x0000024088157518 relative=0x00000000000000f8
Event: 16.360 Thread 0x00000240f18047c0 Uncommon trap: reason=unstable_if action=reinterpret pc=0x0000024088157518 method=com.sun.tools.javac.tree.TreeScanner.scan(Lcom/sun/tools/javac/util/List;)V @ 1 c2
Event: 16.360 Thread 0x00000240f18047c0 DEOPT PACKING pc=0x0000024088157518 sp=0x0000004796dfc590
Event: 16.360 Thread 0x00000240f18047c0 DEOPT UNPACKING pc=0x00000240874a23a3 sp=0x0000004796dfc528 mode 2

Classes unloaded (20 events):
Event: 8.032 Thread 0x00000240ffe012a0 Unloading class 0x000002409836ac00 'lombok/javac/apt/LombokFileObject'
Event: 8.032 Thread 0x00000240ffe012a0 Unloading class 0x000002409836aa00 'lombok/javac/apt/LombokFileObjects'
Event: 8.032 Thread 0x00000240ffe012a0 Unloading class 0x000002409836a7c8 'lombok/javac/apt/MessagerDiagnosticsReceiver'
Event: 8.032 Thread 0x00000240ffe012a0 Unloading class 0x000002409836a420 'lombok/javac/apt/InterceptingJavaFileManager'
Event: 8.032 Thread 0x00000240ffe012a0 Unloading class 0x000002409836a218 'lombok/permit/dummy/Parent'
Event: 8.032 Thread 0x00000240ffe012a0 Unloading class 0x000002409836a000 'lombok/core/CleanupRegistry'
Event: 8.032 Thread 0x00000240ffe012a0 Unloading class 0x0000024098369cf0 'lombok/permit/Permit$Fake'
Event: 8.032 Thread 0x00000240ffe012a0 Unloading class 0x0000024098369af0 'lombok/permit/Permit'
Event: 8.032 Thread 0x00000240ffe012a0 Unloading class 0x0000024098368d88 'lombok/core/DiagnosticsReceiver'
Event: 8.032 Thread 0x00000240ffe012a0 Unloading class 0x0000024098369800 'lombok/javac/apt/LombokProcessor$1'
Event: 8.032 Thread 0x00000240ffe012a0 Unloading class 0x0000024098368af0 'lombok/javac/apt/LombokProcessor'
Event: 8.032 Thread 0x00000240ffe012a0 Unloading class 0x00000240983688c0 'lombok/core/AnnotationProcessor$EcjDescriptor'
Event: 8.032 Thread 0x00000240ffe012a0 Unloading class 0x0000024098368688 'lombok/core/AnnotationProcessor$JavacDescriptor'
Event: 8.032 Thread 0x00000240ffe012a0 Unloading class 0x0000024098368280 'lombok/core/AnnotationProcessor$ProcessorDescriptor'
Event: 8.032 Thread 0x00000240ffe012a0 Unloading class 0x0000024098368000 'lombok/core/AnnotationProcessor'
Event: 8.032 Thread 0x00000240ffe012a0 Unloading class 0x0000024098369200 'lombok/launch/AnnotationProcessorHider$ClaimingProcessor'
Event: 8.032 Thread 0x00000240ffe012a0 Unloading class 0x0000024098369000 'lombok/launch/AnnotationProcessorHider$AstModificationNotifierData'
Event: 8.032 Thread 0x00000240ffe012a0 Unloading class 0x0000024098340480 'lombok/launch/ShadowClassLoader'
Event: 8.032 Thread 0x00000240ffe012a0 Unloading class 0x0000024098340280 'lombok/launch/Main'
Event: 8.032 Thread 0x00000240ffe012a0 Unloading class 0x0000024098340000 'lombok/launch/AnnotationProcessorHider$AnnotationProcessor'

Classes redefined (0 events):
No events

Internal exceptions (20 events):
Event: 15.848 Thread 0x00000240f18047c0 Exception <a 'sun/nio/fs/WindowsException'{0x00000007162b7e00}> (0x00000007162b7e00) 
thrown [s\open\src\hotspot\share\prims\jni.cpp, line 516]
Event: 15.848 Thread 0x00000240f18047c0 Exception <a 'sun/nio/fs/WindowsException'{0x00000007162b80b8}> (0x00000007162b80b8) 
thrown [s\open\src\hotspot\share\prims\jni.cpp, line 516]
Event: 15.849 Thread 0x00000240f18047c0 Exception <a 'sun/nio/fs/WindowsException'{0x00000007162bba70}> (0x00000007162bba70) 
thrown [s\open\src\hotspot\share\prims\jni.cpp, line 516]
Event: 15.849 Thread 0x00000240f18047c0 Exception <a 'sun/nio/fs/WindowsException'{0x00000007162bbc08}> (0x00000007162bbc08) 
thrown [s\open\src\hotspot\share\prims\jni.cpp, line 516]
Event: 15.849 Thread 0x00000240f18047c0 Exception <a 'sun/nio/fs/WindowsException'{0x00000007162c16c8}> (0x00000007162c16c8) 
thrown [s\open\src\hotspot\share\prims\jni.cpp, line 516]
Event: 15.849 Thread 0x00000240f18047c0 Exception <a 'sun/nio/fs/WindowsException'{0x00000007162c1978}> (0x00000007162c1978) 
thrown [s\open\src\hotspot\share\prims\jni.cpp, line 516]
Event: 15.849 Thread 0x00000240f18047c0 Exception <a 'sun/nio/fs/WindowsException'{0x00000007162c2de0}> (0x00000007162c2de0) 
thrown [s\open\src\hotspot\share\prims\jni.cpp, line 516]
Event: 15.849 Thread 0x00000240f18047c0 Exception <a 'sun/nio/fs/WindowsException'{0x00000007162c3110}> (0x00000007162c3110) 
thrown [s\open\src\hotspot\share\prims\jni.cpp, line 516]
Event: 16.366 Thread 0x00000240f18047c0 Exception <a 'sun/nio/fs/WindowsException'{0x00000007171fc978}> (0x00000007171fc978) 
thrown [s\open\src\hotspot\share\prims\jni.cpp, line 516]
Event: 16.366 Thread 0x00000240f18047c0 Exception <a 'sun/nio/fs/WindowsException'{0x00000007171fcc48}> (0x00000007171fcc48) 
thrown [s\open\src\hotspot\share\prims\jni.cpp, line 516]
Event: 16.366 Thread 0x00000240f18047c0 Exception <a 'sun/nio/fs/WindowsException'{0x00000007171fdb40}> (0x00000007171fdb40) 
thrown [s\open\src\hotspot\share\prims\jni.cpp, line 516]
Event: 16.366 Thread 0x00000240f18047c0 Exception <a 'sun/nio/fs/WindowsException'{0x00000007171fdea0}> (0x00000007171fdea0) 
thrown [s\open\src\hotspot\share\prims\jni.cpp, line 516]
Event: 16.366 Thread 0x00000240f18047c0 Exception <a 'sun/nio/fs/WindowsException'{0x00000007171fee70}> (0x00000007171fee70) 
thrown [s\open\src\hotspot\share\prims\jni.cpp, line 516]
Event: 16.366 Thread 0x00000240f18047c0 Exception <a 'sun/nio/fs/WindowsException'{0x00000007171ff158}> (0x00000007171ff158) 
thrown [s\open\src\hotspot\share\prims\jni.cpp, line 516]
Event: 16.514 Thread 0x00000240f18047c0 Exception <a 'sun/nio/fs/WindowsException'{0x0000000715022070}> (0x0000000715022070) 
thrown [s\open\src\hotspot\share\prims\jni.cpp, line 516]
Event: 16.514 Thread 0x00000240f18047c0 Exception <a 'sun/nio/fs/WindowsException'{0x0000000715022340}> (0x0000000715022340) 
thrown [s\open\src\hotspot\share\prims\jni.cpp, line 516]
Event: 16.514 Thread 0x00000240f18047c0 Exception <a 'sun/nio/fs/WindowsException'{0x0000000715023238}> (0x0000000715023238) 
thrown [s\open\src\hotspot\share\prims\jni.cpp, line 516]
Event: 16.514 Thread 0x00000240f18047c0 Exception <a 'sun/nio/fs/WindowsException'{0x0000000715023598}> (0x0000000715023598) 
thrown [s\open\src\hotspot\share\prims\jni.cpp, line 516]
Event: 16.514 Thread 0x00000240f18047c0 Exception <a 'sun/nio/fs/WindowsException'{0x0000000715024568}> (0x0000000715024568) 
thrown [s\open\src\hotspot\share\prims\jni.cpp, line 516]
Event: 16.514 Thread 0x00000240f18047c0 Exception <a 'sun/nio/fs/WindowsException'{0x0000000715024850}> (0x0000000715024850) 
thrown [s\open\src\hotspot\share\prims\jni.cpp, line 516]

VM Operations (20 events):
Event: 15.641 Executing VM operation: G1CollectForAllocation done
Event: 15.679 Executing VM operation: G1Concurrent
Event: 15.685 Executing VM operation: G1Concurrent done
Event: 15.701 Executing VM operation: G1Concurrent
Event: 15.702 Executing VM operation: G1Concurrent done
Event: 15.903 Executing VM operation: G1CollectForAllocation
Event: 15.906 Executing VM operation: G1CollectForAllocation done
Event: 15.919 Executing VM operation: G1CollectForAllocation
Event: 15.922 Executing VM operation: G1CollectForAllocation done
Event: 16.045 Executing VM operation: G1CollectForAllocation
Event: 16.048 Executing VM operation: G1CollectForAllocation done
Event: 16.089 Executing VM operation: G1Concurrent
Event: 16.095 Executing VM operation: G1Concurrent done
Event: 16.111 Executing VM operation: G1Concurrent
Event: 16.112 Executing VM operation: G1Concurrent done
Event: 16.269 Executing VM operation: G1CollectForAllocation
Event: 16.274 Executing VM operation: G1CollectForAllocation done
Event: 16.287 Executing VM operation: G1CollectForAllocation
Event: 16.292 Executing VM operation: G1CollectForAllocation done
Event: 16.572 Executing VM operation: G1CollectForAllocation

Events (20 events):
Event: 12.285 Thread 0x0000024096a9e660 flushing nmethod 0x00000240810b4d90
Event: 12.286 Thread 0x0000024096a9e660 flushing nmethod 0x00000240810cae10
Event: 12.286 Thread 0x0000024096a9e660 flushing nmethod 0x00000240810d5e10
Event: 12.286 Thread 0x0000024096a9e660 flushing nmethod 0x00000240810d7110
Event: 12.286 Thread 0x0000024096a9e660 flushing nmethod 0x000002408110b290
Event: 13.390 Thread 0x00000240dde4be10 Thread added: 0x00000240dde4be10
Event: 13.613 Thread 0x00000240dde4be10 Thread exited: 0x00000240dde4be10
Event: 13.799 Thread 0x00000240e73c09c0 Thread added: 0x00000240e73c09c0
Event: 14.409 loading class jdk/internal/module/IllegalAccessLogger
Event: 14.409 loading class jdk/internal/module/IllegalAccessLogger done
Event: 14.943 Thread 0x00000240e73c09c0 Thread exited: 0x00000240e73c09c0
Event: 14.987 Thread 0x00000240dc329520 Thread exited: 0x00000240dc329520
Event: 15.140 Thread 0x00000240dc329520 Thread added: 0x00000240dc329520
Event: 15.364 Thread 0x00000240dde33a70 Thread added: 0x00000240dde33a70
Event: 15.450 loading class java/util/regex/Pattern$Loop
Event: 15.450 loading class java/util/regex/Pattern$Loop done
Event: 15.450 loading class java/util/regex/Pattern$Prolog
Event: 15.450 loading class java/util/regex/Pattern$Prolog done
Event: 15.523 loading class java/util/regex/Pattern$LazyLoop
Event: 15.523 loading class java/util/regex/Pattern$LazyLoop done


Dynamic libraries:
0x00007ff61f3f0000 - 0x00007ff61f400000 	C:\Program Files\Java\jdk-17\bin\java.exe
0x00007fff40460000 - 0x00007fff406c7000 	C:\WINDOWS\SYSTEM32\ntdll.dll
0x00007fff3f550000 - 0x00007fff3f619000 	C:\WINDOWS\System32\KERNEL32.DLL
0x00007fff3d120000 - 0x00007fff3d514000 	C:\WINDOWS\System32\KERNELBASE.dll
0x00007fff3cfd0000 - 0x00007fff3d11b000 	C:\WINDOWS\System32\ucrtbase.dll
0x00007fff10380000 - 0x00007fff10399000 	C:\Program Files\Java\jdk-17\bin\jli.dll
0x00007fff041b0000 - 0x00007fff041cb000 	C:\Program Files\Java\jdk-17\bin\VCRUNTIME140.dll
0x00007fff3e8b0000 - 0x00007fff3e966000 	C:\WINDOWS\System32\ADVAPI32.dll
0x00007fff3e970000 - 0x00007fff3ea19000 	C:\WINDOWS\System32\msvcrt.dll
0x00007fff3e1f0000 - 0x00007fff3e297000 	C:\WINDOWS\System32\sechost.dll
0x00007fff3f430000 - 0x00007fff3f548000 	C:\WINDOWS\System32\RPCRT4.dll
0x00007fff3e620000 - 0x00007fff3e7e5000 	C:\WINDOWS\System32\USER32.dll
0x00007fff2b550000 - 0x00007fff2b7e3000 	C:\WINDOWS\WinSxS\amd64_microsoft.windows.common-controls_6595b64144ccf1df_6.0.26100.8115_none_3e075c82e3354f9c\COMCTL32.dll
0x00007fff3e1c0000 - 0x00007fff3e1e7000 	C:\WINDOWS\System32\win32u.dll
0x00007fff3f620000 - 0x00007fff3f64b000 	C:\WINDOWS\System32\GDI32.dll
0x00007fff3cd30000 - 0x00007fff3ce5b000 	C:\WINDOWS\System32\gdi32full.dll
0x00007fff3e080000 - 0x00007fff3e123000 	C:\WINDOWS\System32\msvcp_win.dll
0x00007fff356a0000 - 0x00007fff356ab000 	C:\WINDOWS\SYSTEM32\VERSION.dll
0x00007fff403c0000 - 0x00007fff403f2000 	C:\WINDOWS\System32\IMM32.DLL
0x00007fff1b410000 - 0x00007fff1b41c000 	C:\Program Files\Java\jdk-17\bin\vcruntime140_1.dll
0x00007ffef4970000 - 0x00007ffef49fe000 	C:\Program Files\Java\jdk-17\bin\msvcp140.dll
0x00007ffe9f6b0000 - 0x00007ffea0290000 	C:\Program Files\Java\jdk-17\bin\server\jvm.dll
0x00007fff3fab0000 - 0x00007fff3fab8000 	C:\WINDOWS\System32\PSAPI.DLL
0x00007fff35c30000 - 0x00007fff35c3a000 	C:\WINDOWS\SYSTEM32\WSOCK32.dll
0x00007fff3e590000 - 0x00007fff3e610000 	C:\WINDOWS\System32\WS2_32.dll
0x00007fff31d20000 - 0x00007fff31d56000 	C:\WINDOWS\SYSTEM32\WINMM.dll
0x00007fff3ba90000 - 0x00007fff3baab000 	C:\WINDOWS\SYSTEM32\kernel.appcore.dll
0x00007fff1b3a0000 - 0x00007fff1b3aa000 	C:\Program Files\Java\jdk-17\bin\jimage.dll
0x00007fff3aac0000 - 0x00007fff3ad02000 	C:\WINDOWS\SYSTEM32\DBGHELP.DLL
0x00007fff3eb10000 - 0x00007fff3ee92000 	C:\WINDOWS\System32\combase.dll
0x00007fff3ea20000 - 0x00007fff3eaf8000 	C:\WINDOWS\System32\OLEAUT32.dll
0x00007fff26090000 - 0x00007fff260cb000 	C:\WINDOWS\SYSTEM32\dbgcore.DLL
0x00007fff3cf20000 - 0x00007fff3cfc5000 	C:\WINDOWS\System32\bcryptPrimitives.dll
0x00007fff02d40000 - 0x00007fff02d65000 	C:\Program Files\Java\jdk-17\bin\java.dll
0x00007ffef4890000 - 0x00007ffef4967000 	C:\Program Files\Java\jdk-17\bin\jsvml.dll
0x00007fff3fc50000 - 0x00007fff403b7000 	C:\WINDOWS\System32\SHELL32.dll
0x00007fff3df10000 - 0x00007fff3e07a000 	C:\WINDOWS\System32\wintypes.dll
0x00007fff3d520000 - 0x00007fff3dd88000 	C:\WINDOWS\System32\windows.storage.dll
0x00007fff3f7c0000 - 0x00007fff3f8b8000 	C:\WINDOWS\System32\SHCORE.dll
0x00007fff3f650000 - 0x00007fff3f6b6000 	C:\WINDOWS\System32\shlwapi.dll
0x00007fff3cc50000 - 0x00007fff3cc79000 	C:\WINDOWS\SYSTEM32\profapi.dll
0x00007fff02d20000 - 0x00007fff02d39000 	C:\Program Files\Java\jdk-17\bin\net.dll
0x00007fff36880000 - 0x00007fff369ad000 	C:\WINDOWS\SYSTEM32\WINHTTP.dll
0x00007fff3c010000 - 0x00007fff3c07c000 	C:\WINDOWS\system32\mswsock.dll
0x00007fff02b60000 - 0x00007fff02b76000 	C:\Program Files\Java\jdk-17\bin\nio.dll
0x00007fff02b40000 - 0x00007fff02b58000 	C:\Program Files\Java\jdk-17\bin\zip.dll
0x00007ffef7030000 - 0x00007ffef7054000 	D:\apache-maven-3.9.11-bin\apache-maven-3.9.11\lib\jansi-native\Windows\x86_64\jansi.dll
0x00007fff19810000 - 0x00007fff19820000 	C:\Program Files\Java\jdk-17\bin\verify.dll
0x00007fff3bbb0000 - 0x00007fff3bbe6000 	C:\WINDOWS\SYSTEM32\ntmarta.dll

dbghelp: loaded successfully - version: 4.0.5 - missing functions: none
symbol engine: initialized successfully - sym options: 0x614 - pdb path: .;C:\Program Files\Java\jdk-17\bin;C:\WINDOWS\SYSTEM32;C:\WINDOWS\WinSxS\amd64_microsoft.windows.common-controls_6595b64144ccf1df_6.0.26100.8115_none_3e075c82e3354f9c;C:\Program Files\Java\jdk-17\bin\server;D:\apache-maven-3.9.11-bin\apache-maven-3.9.11\lib\jansi-native\Windows\x86_64

VM Arguments:
jvm_args: --enable-native-access=ALL-UNNAMED -Dclassworlds.conf=D:\apache-maven-3.9.11-bin\apache-maven-3.9.11\bin\m2.conf -Dmaven.home=D:\apache-maven-3.9.11-bin\apache-maven-3.9.11 -Dlibrary.jansi.path=D:\apache-maven-3.9.11-bin\apache-maven-3.9.11\lib\jansi-native -Dmaven.multiModuleProjectDirectory=D:\shortlink-main 
java_command: org.codehaus.plexus.classworlds.launcher.Launcher clean package -DskipTests -f short-link-java/pom.xml
java_class_path (initial): D:\apache-maven-3.9.11-bin\apache-maven-3.9.11\boot\plexus-classworlds-2.9.0.jar
Launcher Type: SUN_STANDARD

[Global flags]
     intx CICompilerCount                          = 12                                        {product} {ergonomic}
     uint ConcGCThreads                            = 3                                         {product} {ergonomic}
     uint G1ConcRefinementThreads                  = 13                                        {product} {ergonomic}
   size_t G1HeapRegionSize                         = 2097152                                   {product} {ergonomic}
    uintx GCDrainStackTargetSize                   = 64                                        {product} {ergonomic}
   size_t InitialHeapSize                          = 255852544                                 {product} {ergonomic}
   size_t MarkStackSize                            = 4194304                                   {product} {ergonomic}
   size_t MaxHeapSize                              = 4093640704                                {product} {ergonomic}
   size_t MaxNewSize                               = 2455764992                                {product} {ergonomic}
   size_t MinHeapDeltaBytes                        = 2097152                                   {product} {ergonomic}
   size_t MinHeapSize                              = 8388608                                   {product} {ergonomic}
    uintx NonNMethodCodeHeapSize                   = 7602480                                {pd product} {ergonomic}
    uintx NonProfiledCodeHeapSize                  = 122027880                              {pd product} {ergonomic}
    uintx ProfiledCodeHeapSize                     = 122027880                              {pd product} {ergonomic}
    uintx ReservedCodeCacheSize                    = 251658240                              {pd product} {ergonomic}
     bool SegmentedCodeCache                       = true                                      {product} {ergonomic}
   size_t SoftMaxHeapSize                          = 4093640704                             {manageable} {ergonomic}
     bool UseCompressedClassPointers               = true                           {product lp64_product} {ergonomic}
     bool UseCompressedOops                        = true                           {product lp64_product} {ergonomic}
     bool UseG1GC                                  = true                                      {product} {ergonomic}
     bool UseLargePagesIndividualAllocation        = false                                  {pd product} {ergonomic}

Logging:
Log output configuration:
 #0: stdout all=warning uptime,level,tags
 #1: stderr all=off uptime,level,tags

Environment Variables:
JAVA_HOME=C:\Program Files\Java\jdk-17
PATH=C:\Program Files\Common Files\Oracle\Java\javapath;C:\Python314\Scripts\;C:\Python314\;E:\VMware\bin\;C:\WINDOWS\system32;C:\WINDOWS;C:\WINDOWS\System32\Wbem;C:\WINDOWS\System32\WindowsPowerShell\v1.0\;C:\WINDOWS\System32\OpenSSH\;C:\Program Files (x86)\NVIDIA Corporation\PhysX\Common;C:\Program Files\Microsoft SQL Server\150\Tools\Binn\;C:\Program Files\Java\jdk-17\bin;D:\apache-maven-3.8.8-bin\apache-maven-3.8.8\bin;C:\ProgramData\chocolatey\bin;C:\Program Files\MySQL\MySQL Server 8.1\bin;C:\Windows\dll;D:\BtSoft\panel\script;D:\apache-zookeeper-3.6.4-bin\apache-zookeeper-3.6.4-bin\bin;D:\kafka_2.12-3.7.2\bin\windows;D:\erl-24.3.4.2\bin;C:\Program Files\RabbitMQ Server\rabbitmq_server-4.1.2\sbin;C:\Program Files\RabbitMQ Server\rabbitmq_server-3.11.19\sbin;D:\RabbitMq\rabbitmq_server-4.0.8\sbin;D:\Git\cmd;D:\apache-maven-3.9.11-bin\apache-maven-3.9.11\bin;D:\apache-tomcat-10.1.48-windows-x64\apache-tomcat-10.1.48\bin;D:\nacos-server-3.1.0\nacos\bin;D:\rocketmq-all-5.3.3-bin-release\rocketmq-all-5.3.3-bin-release\bin;D:\NodeJs\node_global;D:\NodeJs\node_modules;D:\erl-24.3.4.2\bin;D:\RustUp;D:\Cargo_Home\bin;D:\phpstudy_pro\Extensions\php\php7.3.4nts;D:\Program Files\Go\bin;D:\NodeJs\node_cache;D:\NodeJs\nvm;D:\NodeJs\nodejs;D:\NodeJs\nvm;D:\Program Files\MongoDB\Server\8.2\bin;C:\Program Files\MySQL\MySQL Server 8.0\bin;D:\Git\mingw64\bin;D:\Program Files (x86)\GnuWin32\bin;;C:\Program Files\Docker\Docker\resources\bin;d:\anaconda3;d:\anaconda3\Library\mingw-w64\bin;d:\anaconda3\Library\usr\bin;d:\anaconda3\Library\bin;d:\anaconda3\Scripts;D:\tools\rust\.cargo\bin;C:\Users\27050\.cargo\bin;C:\Program Files\MySQL\MySQL Shell 8.0\bin\;C:\Users\27050\AppData\Local\Microsoft\WindowsApps;D:\PyCharm 2025.1\bin;D:\CLion 2025.1.2\bin;D:\IntelliJ IDEA 2025.2.1\bin;D:\NodeJs;D:\Users\27050\AppData\Local\Programs\Microsoft VS Code\bin;D:\Users\27050\AppData\Local\Programs\Antigravity\bin;D:\Users\27050\AppData\Local\Programs\cursor\resources\app\bin
USERNAME=27050
OS=Windows_NT
PROCESSOR_IDENTIFIER=AMD64 Family 25 Model 68 Stepping 1, AuthenticAMD



---------------  S Y S T E M  ---------------

OS:
 Windows 11 , 64 bit Build 26100 (10.0.26100.8246)
OS uptime: 0 days 5:12 hours
Hyper-V role detected

CPU: total 16 (initial active 16) (16 cores per cpu, 2 threads per core) family 25 model 68 stepping 1 microcode 0xa404107, cx8, cmov, fxsr, ht, mmx, 3dnowpref, sse, sse2, sse3, ssse3, sse4a, sse4.1, sse4.2, popcnt, lzcnt, tsc, tscinvbit, avx, avx2, aes, erms, clmul, bmi1, bmi2, adx, sha, fma, vzeroupper, clflush, clflushopt, hv

Memory: 4k page, system-wide physical 15610M (1198M free)
TotalPageFile size 47034M (AvailPageFile size 164M)
current process WorkingSet (physical memory assigned to process): 506M, peak: 522M
current process commit charge ("private bytes"): 595M, peak: 775M

vm_info: Java HotSpot(TM) 64-Bit Server VM (17.0.12+8-LTS-286) for windows-amd64 JRE (17.0.12+8-LTS-286), built on Jun  5 2024 06:46:59 by "mach5one" with MS VC++ 17.6 (VS2022)

END.
