#
# There is insufficient memory for the Java Runtime Environment to continue.
# Native memory allocation (malloc) failed to allocate 1048576 bytes. Error detail: AllocateHeap
# Possible reasons:
#   The system is out of physical RAM or swap space
#   This process is running with CompressedOops enabled, and the Java Heap may be blocking the growth of the native heap
# Possible solutions:
#   Reduce memory load on the system
#   Increase physical memory or swap space
#   Check if swap backing store is full
#   Decrease Java heap size (-Xmx/-Xms)
#   Decrease number of Java threads
#   Decrease Java thread stack sizes (-Xss)
#   Set larger code cache with -XX:ReservedCodeCacheSize=
#   JVM is running with Unscaled Compressed Oops mode in which the Java heap is
#     placed in the first 4GB address space. The Java Heap base address is the
#     maximum limit for the native heap growth. Please use -XX:HeapBaseMinAddress
#     to set the Java Heap base and to place the Java Heap above 4GB virtual address.
# This output file may be truncated or incomplete.
#
#  Out of Memory Error (allocation.cpp:44), pid=13676, tid=12440
#
# JRE version: OpenJDK Runtime Environment Temurin-21.0.10+7 (21.0.10+7) (build 21.0.10+7-LTS)
# Java VM: OpenJDK 64-Bit Server VM Temurin-21.0.10+7 (21.0.10+7-LTS, mixed mode, sharing, tiered, compressed oops, compressed class ptrs, parallel gc, windows-amd64)
# No core dump will be written. Minidumps are not enabled by default on client versions of Windows
#

---------------  S U M M A R Y ------------

Command Line: --add-modules=ALL-SYSTEM --add-opens=java.base/java.util=ALL-UNNAMED --add-opens=java.base/java.lang=ALL-UNNAMED --add-opens=java.base/sun.nio.fs=ALL-UNNAMED -Declipse.application=org.eclipse.jdt.ls.core.id1 -Dosgi.bundles.defaultStartLevel=4 -Declipse.product=org.eclipse.jdt.ls.core.product -Djava.import.generatesMetadataFilesAtProjectRoot=false -DDetectVMInstallationsJob.disabled=true -Dfile.encoding=utf8 -XX:+UseParallelGC -XX:GCTimeRatio=4 -XX:AdaptiveSizePolicyWeight=90 -Dsun.zip.disableMemoryMapping=true -Xmx2G -Xms100m -Xlog:disable -javaagent:c:\Users\27050\.antigravity\extensions\redhat.java-1.54.0-win32-x64\lombok\lombok-1.18.39-4050.jar -XX:+HeapDumpOnOutOfMemoryError -XX:HeapDumpPath=c:\Users\27050\AppData\Roaming\Antigravity\User\workspaceStorage\879445c47b29f3959501358c865667bc\redhat.java -Daether.dependencyCollector.impl=bf c:\Users\27050\.antigravity\extensions\redhat.java-1.54.0-win32-x64\server\plugins\org.eclipse.equinox.launcher_1.7.100.v20251111-0406.jar -configuration c:\Users\27050\AppData\Roaming\Antigravity\User\globalStorage\redhat.java\1.54.0\config_win -data c:\Users\27050\AppData\Roaming\Antigravity\User\workspaceStorage\879445c47b29f3959501358c865667bc\redhat.java\jdt_ws --pipe=\\.\pipe\lsp-8feea65022eeef885b09a541b25d9ef0-sock

Host: AMD Ryzen 7 7735H with Radeon Graphics        , 16 cores, 15G,  Windows 11 , 64 bit Build 26100 (10.0.26100.8246)
Time: Thu Apr 30 11:40:09 2026 elapsed time: 7475.547802 seconds (0d 2h 4m 35s)

---------------  T H R E A D  ---------------

Current thread (0x000001cc17bb62e0):  JavaThread "Attach Listener" daemon [_thread_in_vm, id=12440, stack(0x0000006eea300000,0x0000006eea400000) (1024K)]

Stack: [0x0000006eea300000,0x0000006eea400000]
Native frames: (J=compiled Java code, j=interpreted, Vv=VM code, C=native code)
V  [jvm.dll+0x6d7a39]
V  [jvm.dll+0x8b4b26]
V  [jvm.dll+0x8b70de]
V  [jvm.dll+0x8b77c3]
V  [jvm.dll+0x284346]
V  [jvm.dll+0xc1277]
V  [jvm.dll+0x6d82e9]
V  [jvm.dll+0x1334a6]
V  [jvm.dll+0x3f857e]
V  [jvm.dll+0x85f59d]
V  [jvm.dll+0x6d626d]
C  [ucrtbase.dll+0x37b0]
C  [KERNEL32.DLL+0x2e8d7]
C  [ntdll.dll+0x8c3fc]


---------------  P R O C E S S  ---------------

Threads class SMR info:
_java_thread_list=0x000001cc79480410, length=43, elements={
0x000001cc1571ab20, 0x000001cc17ab5e90, 0x000001cc17ab7d00, 0x000001cc17bb5750,
0x000001cc17bb62e0, 0x000001cc17bb84a0, 0x000001cc17bc1650, 0x000001cc17bc8210,
0x000001cc17bca1a0, 0x000001cc70b64a10, 0x000001cc7220eb70, 0x000001cc7273db10,
0x000001cc72769670, 0x000001cc7720f120, 0x000001cc7720f790, 0x000001cc770a0df0,
0x000001cc77d4db20, 0x000001cc774a3570, 0x000001cc77be6b40, 0x000001cc77be64b0,
0x000001cc77be4a70, 0x000001cc77be5790, 0x000001cc77be5e20, 0x000001cc7944ae80,
0x000001cc7944a160, 0x000001cc7944bba0, 0x000001cc7944c230, 0x000001cc79448db0,
0x000001cc7944b510, 0x000001cc7944c8c0, 0x000001cc79449440, 0x000001cc7944cf50,
0x000001cc7944a7f0, 0x000001cc79449ad0, 0x000001cc7944fd40, 0x000001cc7944d5e0,
0x000001cc7944e300, 0x000001cc7944dc70, 0x000001cc7944f6b0, 0x000001cc794503d0,
0x000001cc7beae4f0, 0x000001cc7beb2690, 0x000001cc7beaeb80
}

Java Threads: ( => current thread )
  0x000001cc1571ab20 JavaThread "main"                              [_thread_blocked, id=6104, stack(0x0000006ee9c00000,0x0000006ee9d00000) (1024K)]
  0x000001cc17ab5e90 JavaThread "Reference Handler"          daemon [_thread_blocked, id=15964, stack(0x0000006eea000000,0x0000006eea100000) (1024K)]
  0x000001cc17ab7d00 JavaThread "Finalizer"                  daemon [_thread_blocked, id=10880, stack(0x0000006eea100000,0x0000006eea200000) (1024K)]
  0x000001cc17bb5750 JavaThread "Signal Dispatcher"          daemon [_thread_blocked, id=10376, stack(0x0000006eea200000,0x0000006eea300000) (1024K)]
=>0x000001cc17bb62e0 JavaThread "Attach Listener"            daemon [_thread_in_vm, id=12440, stack(0x0000006eea300000,0x0000006eea400000) (1024K)]
  0x000001cc17bb84a0 JavaThread "Service Thread"             daemon [_thread_blocked, id=9840, stack(0x0000006eea400000,0x0000006eea500000) (1024K)]
  0x000001cc17bc1650 JavaThread "Monitor Deflation Thread"   daemon [_thread_blocked, id=29412, stack(0x0000006eea500000,0x0000006eea600000) (1024K)]
  0x000001cc17bc8210 JavaThread "C2 CompilerThread0"         daemon [_thread_blocked, id=9164, stack(0x0000006eea600000,0x0000006eea700000) (1024K)]
  0x000001cc17bca1a0 JavaThread "C1 CompilerThread0"         daemon [_thread_blocked, id=8980, stack(0x0000006eea700000,0x0000006eea800000) (1024K)]
  0x000001cc70b64a10 JavaThread "Common-Cleaner"             daemon [_thread_blocked, id=16664, stack(0x0000006eeab00000,0x0000006eeac00000) (1024K)]
  0x000001cc7220eb70 JavaThread "Notification Thread"        daemon [_thread_blocked, id=12496, stack(0x0000006eead00000,0x0000006eeae00000) (1024K)]
  0x000001cc7273db10 JavaThread "Active Thread: Equinox Container: a9ff544c-8e94-4464-85c6-e3c92605e7f7"        [_thread_blocked, id=24452, stack(0x0000006eeb700000,0x0000006eeb800000) (1024K)]
  0x000001cc72769670 JavaThread "Refresh Thread: Equinox Container: a9ff544c-8e94-4464-85c6-e3c92605e7f7" daemon [_thread_blocked, id=25944, stack(0x0000006eeb900000,0x0000006eeba00000) (1024K)]
  0x000001cc7720f120 JavaThread "Framework Event Dispatcher: Equinox Container: a9ff544c-8e94-4464-85c6-e3c92605e7f7" daemon [_thread_blocked, id=14448, stack(0x0000006eeba00000,0x0000006eebb00000) (1024K)]
  0x000001cc7720f790 JavaThread "Start Level: Equinox Container: a9ff544c-8e94-4464-85c6-e3c92605e7f7" daemon [_thread_blocked, id=23828, stack(0x0000006eebb00000,0x0000006eebc00000) (1024K)]
  0x000001cc770a0df0 JavaThread "Bundle File Closer"         daemon [_thread_blocked, id=21508, stack(0x0000006eebc00000,0x0000006eebd00000) (1024K)]
  0x000001cc77d4db20 JavaThread "SCR Component Actor"        daemon [_thread_blocked, id=2868, stack(0x0000006eeb600000,0x0000006eeb700000) (1024K)]
  0x000001cc774a3570 JavaThread "Worker-JM"                         [_thread_blocked, id=4540, stack(0x0000006eec000000,0x0000006eec100000) (1024K)]
  0x000001cc77be6b40 JavaThread "JNA Cleaner"                daemon [_thread_blocked, id=9300, stack(0x0000006eec300000,0x0000006eec400000) (1024K)]
  0x000001cc77be64b0 JavaThread "Java indexing"              daemon [_thread_blocked, id=26768, stack(0x0000006eec500000,0x0000006eec600000) (1024K)]
  0x000001cc77be4a70 JavaThread "Thread-1"                   daemon [_thread_in_native, id=25852, stack(0x0000006eecb00000,0x0000006eecc00000) (1024K)]
  0x000001cc77be5790 JavaThread "Thread-2"                   daemon [_thread_in_native, id=26552, stack(0x0000006eecc00000,0x0000006eecd00000) (1024K)]
  0x000001cc77be5e20 JavaThread "Thread-3"                   daemon [_thread_in_native, id=15288, stack(0x0000006eecd00000,0x0000006eece00000) (1024K)]
  0x000001cc7944ae80 JavaThread "Thread-4"                   daemon [_thread_in_native, id=24096, stack(0x0000006eece00000,0x0000006eecf00000) (1024K)]
  0x000001cc7944a160 JavaThread "Thread-5"                   daemon [_thread_in_native, id=25524, stack(0x0000006eecf00000,0x0000006eed000000) (1024K)]
  0x000001cc7944bba0 JavaThread "Thread-6"                   daemon [_thread_in_native, id=12076, stack(0x0000006eed000000,0x0000006eed100000) (1024K)]
  0x000001cc7944c230 JavaThread "Thread-7"                   daemon [_thread_in_native, id=26124, stack(0x0000006eed100000,0x0000006eed200000) (1024K)]
  0x000001cc79448db0 JavaThread "Thread-8"                   daemon [_thread_in_native, id=24964, stack(0x0000006eed200000,0x0000006eed300000) (1024K)]
  0x000001cc7944b510 JavaThread "Thread-9"                   daemon [_thread_in_native, id=20012, stack(0x0000006eed300000,0x0000006eed400000) (1024K)]
  0x000001cc7944c8c0 JavaThread "Thread-10"                  daemon [_thread_in_native, id=2884, stack(0x0000006eed400000,0x0000006eed500000) (1024K)]
  0x000001cc79449440 JavaThread "Thread-11"                  daemon [_thread_in_native, id=23512, stack(0x0000006eed500000,0x0000006eed600000) (1024K)]
  0x000001cc7944cf50 JavaThread "Thread-12"                  daemon [_thread_in_native, id=12356, stack(0x0000006eed600000,0x0000006eed700000) (1024K)]
  0x000001cc7944a7f0 JavaThread "Thread-13"                  daemon [_thread_in_native, id=6988, stack(0x0000006eed700000,0x0000006eed800000) (1024K)]
  0x000001cc79449ad0 JavaThread "Thread-14"                  daemon [_thread_in_native, id=4140, stack(0x0000006eed800000,0x0000006eed900000) (1024K)]
  0x000001cc7944fd40 JavaThread "Thread-15"                  daemon [_thread_in_native, id=3180, stack(0x0000006eed900000,0x0000006eeda00000) (1024K)]
  0x000001cc7944d5e0 JavaThread "Thread-16"                  daemon [_thread_in_native, id=6584, stack(0x0000006eeda00000,0x0000006eedb00000) (1024K)]
  0x000001cc7944e300 JavaThread "Thread-17"                  daemon [_thread_in_native, id=17872, stack(0x0000006eedb00000,0x0000006eedc00000) (1024K)]
  0x000001cc7944dc70 JavaThread "pool-2-thread-1"                   [_thread_blocked, id=17252, stack(0x0000006eedc00000,0x0000006eedd00000) (1024K)]
  0x000001cc7944f6b0 JavaThread "WorkspaceEventsHandler"            [_thread_blocked, id=25644, stack(0x0000006eede00000,0x0000006eedf00000) (1024K)]
  0x000001cc794503d0 JavaThread "pool-1-thread-1"                   [_thread_blocked, id=7756, stack(0x0000006eedf00000,0x0000006eee000000) (1024K)]
  0x000001cc7beae4f0 JavaThread "Cleaner-0"                  daemon [_thread_blocked, id=4428, stack(0x0000006eeef00000,0x0000006eef000000) (1024K)]
  0x000001cc7beb2690 JavaThread "Worker-4"                          [_thread_blocked, id=23808, stack(0x0000006ee9900000,0x0000006ee9a00000) (1024K)]
  0x000001cc7beaeb80 JavaThread "Worker-6"                          [_thread_blocked, id=36644, stack(0x0000006ee9a00000,0x0000006ee9b00000) (1024K)]
Total: 43

Other Threads:
  0x000001cc17aa48d0 VMThread "VM Thread"                           [id=19588, stack(0x0000006ee9f00000,0x0000006eea000000) (1024K)]
  0x000001cc1799ca00 WatcherThread "VM Periodic Task Thread"        [id=7476, stack(0x0000006ee9e00000,0x0000006ee9f00000) (1024K)]
  0x000001cc17b2d5b0 WorkerThread "GC Thread#0"                     [id=9596, stack(0x0000006ee9d00000,0x0000006ee9e00000) (1024K)]
  0x000001cc72754010 WorkerThread "GC Thread#1"                     [id=19432, stack(0x0000006eeaf00000,0x0000006eeb000000) (1024K)]
  0x000001cc7716c820 WorkerThread "GC Thread#2"                     [id=9936, stack(0x0000006eeb000000,0x0000006eeb100000) (1024K)]
  0x000001cc72576da0 WorkerThread "GC Thread#3"                     [id=20296, stack(0x0000006eeb100000,0x0000006eeb200000) (1024K)]
  0x000001cc72577150 WorkerThread "GC Thread#4"                     [id=24828, stack(0x0000006eeb200000,0x0000006eeb300000) (1024K)]
  0x000001cc72577500 WorkerThread "GC Thread#5"                     [id=8164, stack(0x0000006eeb300000,0x0000006eeb400000) (1024K)]
  0x000001cc725778b0 WorkerThread "GC Thread#6"                     [id=9776, stack(0x0000006eeb400000,0x0000006eeb500000) (1024K)]
  0x000001cc772e05a0 WorkerThread "GC Thread#7"                     [id=20316, stack(0x0000006eeb800000,0x0000006eeb900000) (1024K)]
  0x000001cc774779a0 WorkerThread "GC Thread#8"                     [id=8732, stack(0x0000006eeaa00000,0x0000006eeab00000) (1024K)]
  0x000001cc721f9500 WorkerThread "GC Thread#9"                     [id=22096, stack(0x0000006eeae00000,0x0000006eeaf00000) (1024K)]
  0x000001cc72756890 WorkerThread "GC Thread#10"                    [id=12384, stack(0x0000006eeb500000,0x0000006eeb600000) (1024K)]
  0x000001cc774995a0 WorkerThread "GC Thread#11"                    [id=27640, stack(0x0000006eec100000,0x0000006eec200000) (1024K)]
  0x000001cc7749abc0 WorkerThread "GC Thread#12"                    [id=30508, stack(0x0000006eec200000,0x0000006eec300000) (1024K)]
Total: 15

Threads with active compile tasks:
Total: 0

VM state: not at safepoint (normal execution)

VM Mutex/Monitor currently owned by a thread: None

Heap address: 0x0000000080000000, size: 2048 MB, Compressed Oops mode: 32-bit

CDS archive(s) mapped at: [0x000001cc2f000000-0x000001cc2fba0000-0x000001cc2fba0000), size 12189696, SharedBaseAddress: 0x000001cc2f000000, ArchiveRelocationMode: 1.
Compressed class space mapped at: 0x000001cc30000000-0x000001cc70000000, reserved size: 1073741824
Narrow klass base: 0x000001cc2f000000, Narrow klass shift: 0, Narrow klass range: 0x100000000

GC Precious Log:
 CardTable entry size: 512
 CPUs: 16 total, 16 available
 Memory: 15610M
 Large Page Support: Disabled
 NUMA Support: Disabled
 Compressed Oops: Enabled (32-bit)
 Alignments: Space 512K, Generation 512K, Heap 2M
 Heap Min Capacity: 100M
 Heap Initial Capacity: 100M
 Heap Max Capacity: 2G
 Pre-touch: Disabled
 Parallel Workers: 13

Heap:
 PSYoungGen      total 2560K, used 2302K [0x00000000d5580000, 0x00000000d5980000, 0x0000000100000000)
  eden space 2048K, 87% used [0x00000000d5580000,0x00000000d573fa68,0x00000000d5780000)
  from space 512K, 100% used [0x00000000d5880000,0x00000000d5900000,0x00000000d5900000)
  to   space 1024K, 0% used [0x00000000d5780000,0x00000000d5780000,0x00000000d5880000)
 ParOldGen       total 225280K, used 225081K [0x0000000080000000, 0x000000008dc00000, 0x00000000d5580000)
  object space 225280K, 99% used [0x0000000080000000,0x000000008dbce740,0x000000008dc00000)
 Metaspace       used 79384K, committed 81088K, reserved 1179648K
  class space    used 8165K, committed 8896K, reserved 1048576K

Card table byte_map: [0x000001cc174b0000,0x000001cc178c0000] _byte_map_base: 0x000001cc170b0000

Marking Bits: (ParMarkBitMap*) 0x00007ffcfd763450
 Begin Bits: [0x000001cc29fc0000, 0x000001cc2bfc0000)
 End Bits:   [0x000001cc2bfc0000, 0x000001cc2dfc0000)

Polling page: 0x000001cc15a90000

Metaspace:

Usage:
  Non-class:     69.55 MB used.
      Class:      7.97 MB used.
       Both:     77.52 MB used.

Virtual space:
  Non-class space:      128.00 MB reserved,      70.50 MB ( 55%) committed,  2 nodes.
      Class space:        1.00 GB reserved,       8.69 MB ( <1%) committed,  1 nodes.
             Both:        1.12 GB reserved,      79.19 MB (  7%) committed. 

Chunk freelists:
   Non-Class:  8.63 MB
       Class:  7.25 MB
        Both:  15.88 MB

MaxMetaspaceSize: unlimited
CompressedClassSpaceSize: 1.00 GB
Initial GC threshold: 21.00 MB
Current GC threshold: 130.88 MB
CDS: on
 - commit_granule_bytes: 65536.
 - commit_granule_words: 8192.
 - virtual_space_node_default_size: 8388608.
 - enlarge_chunks_in_place: 1.
 - use_allocation_guard: 0.


Internal statistics:

num_allocs_failed_limit: 9.
num_arena_births: 1538.
num_arena_deaths: 32.
num_vsnodes_births: 3.
num_vsnodes_deaths: 0.
num_space_committed: 1267.
num_space_uncommitted: 0.
num_chunks_returned_to_freelist: 47.
num_chunks_taken_from_freelist: 5489.
num_chunk_merges: 11.
num_chunk_splits: 3336.
num_chunks_enlarged: 1875.
num_inconsistent_stats: 0.

CodeHeap 'non-profiled nmethods': size=119168Kb used=14864Kb max_used=14864Kb free=104303Kb
 bounds [0x000001cc228b0000, 0x000001cc23740000, 0x000001cc29d10000]
CodeHeap 'profiled nmethods': size=119104Kb used=37901Kb max_used=38266Kb free=81203Kb
 bounds [0x000001cc1ad10000, 0x000001cc1d270000, 0x000001cc22160000]
CodeHeap 'non-nmethods': size=7488Kb used=1478Kb max_used=3292Kb free=6009Kb
 bounds [0x000001cc22160000, 0x000001cc224c0000, 0x000001cc228b0000]
CodeCache: size=245760Kb, used=54243Kb, max_used=56422Kb, free=191515Kb
 total_blobs=16381, nmethods=15580, adapters=703, full_count=0
Compilation: enabled, stopped_count=0, restarted_count=0

Compilation events (20 events):
Event: 6817.877 Thread 0x000001cc17bca1a0 17251       3       jdk.internal.logger.DefaultLoggerFinder$1::run (5 bytes)
Event: 6817.880 Thread 0x000001cc17bca1a0 nmethod 17251 0x000001cc1b931890 code [0x000001cc1b931aa0, 0x000001cc1b932120]
Event: 6817.880 Thread 0x000001cc17bca1a0 17252       3       jdk.internal.logger.DefaultLoggerFinder$1::run (14 bytes)
Event: 6817.881 Thread 0x000001cc17bca1a0 nmethod 17252 0x000001cc1b930e10 code [0x000001cc1b931020, 0x000001cc1b931628]
Event: 6997.932 Thread 0x000001cc17bca1a0 17253       3       java.util.logging.LogManager::demandLogger (23 bytes)
Event: 6997.957 Thread 0x000001cc17bca1a0 nmethod 17253 0x000001cc1b930990 code [0x000001cc1b930b40, 0x000001cc1b930d08]
Event: 6997.957 Thread 0x000001cc17bca1a0 17254       3       java.util.logging.LogManager::demandLogger (53 bytes)
Event: 6997.967 Thread 0x000001cc17bca1a0 nmethod 17254 0x000001cc1b92fe90 code [0x000001cc1b9300c0, 0x000001cc1b930718]
Event: 6997.967 Thread 0x000001cc17bca1a0 17255       3       java.util.logging.LogManager::getLogger (9 bytes)
Event: 6997.968 Thread 0x000001cc17bca1a0 nmethod 17255 0x000001cc1b92f990 code [0x000001cc1b92fb40, 0x000001cc1b92fd50]
Event: 7268.023 Thread 0x000001cc17bca1a0 17256       3       java.util.concurrent.locks.ReentrantLock$NonfairSync::tryAcquire (27 bytes)
Event: 7268.039 Thread 0x000001cc17bca1a0 nmethod 17256 0x000001cc1b92f490 code [0x000001cc1b92f640, 0x000001cc1b92f888]
Event: 7383.553 Thread 0x000001cc17bca1a0 17257   !   3       org.eclipse.osgi.container.ModuleDatabase::getTimestamp (25 bytes)
Event: 7383.641 Thread 0x000001cc17bca1a0 nmethod 17257 0x000001cc1b92e490 code [0x000001cc1b92e6e0, 0x000001cc1b92f028]
Event: 7385.937 Thread 0x000001cc17bca1a0 17258   !   3       jdk.internal.ref.PhantomCleanable::isListEmpty (34 bytes)
Event: 7385.943 Thread 0x000001cc17bca1a0 nmethod 17258 0x000001cc1b92df90 code [0x000001cc1b92e140, 0x000001cc1b92e398]
Event: 7385.943 Thread 0x000001cc17bca1a0 17259       3       jdk.internal.misc.InnocuousThread::eraseThreadLocals (23 bytes)
Event: 7385.948 Thread 0x000001cc17bca1a0 nmethod 17259 0x000001cc1b905610 code [0x000001cc1b9057a0, 0x000001cc1b905908]
Event: 7432.738 Thread 0x000001cc17bc8210 17260       4       java.util.concurrent.ThreadPoolExecutor::runStateAtLeast (11 bytes)
Event: 7432.749 Thread 0x000001cc17bc8210 nmethod 17260 0x000001cc23733e90 code [0x000001cc23734000, 0x000001cc23734078]

GC Heap History (20 events):
Event: 3426.354 GC heap before
{Heap before GC invocations=882 (full 4):
 PSYoungGen      total 2560K, used 2368K [0x00000000d5580000, 0x00000000d5900000, 0x0000000100000000)
  eden space 2048K, 100% used [0x00000000d5580000,0x00000000d5780000,0x00000000d5780000)
  from space 512K, 62% used [0x00000000d5880000,0x00000000d58d0000,0x00000000d5900000)
  to   space 512K, 0% used [0x00000000d5780000,0x00000000d5780000,0x00000000d5800000)
 ParOldGen       total 223744K, used 223681K [0x0000000080000000, 0x000000008da80000, 0x00000000d5580000)
  object space 223744K, 99% used [0x0000000080000000,0x000000008da70710,0x000000008da80000)
 Metaspace       used 79304K, committed 81024K, reserved 1179648K
  class space    used 8163K, committed 8896K, reserved 1048576K
}
Event: 3426.425 GC heap after
{Heap after GC invocations=882 (full 4):
 PSYoungGen      total 2560K, used 384K [0x00000000d5580000, 0x00000000d5900000, 0x0000000100000000)
  eden space 2048K, 0% used [0x00000000d5580000,0x00000000d5580000,0x00000000d5780000)
  from space 512K, 75% used [0x00000000d5780000,0x00000000d57e0000,0x00000000d5800000)
  to   space 512K, 0% used [0x00000000d5880000,0x00000000d5880000,0x00000000d5900000)
 ParOldGen       total 224256K, used 223865K [0x0000000080000000, 0x000000008db00000, 0x00000000d5580000)
  object space 224256K, 99% used [0x0000000080000000,0x000000008da9e710,0x000000008db00000)
 Metaspace       used 79304K, committed 81024K, reserved 1179648K
  class space    used 8163K, committed 8896K, reserved 1048576K
}
Event: 3426.596 GC heap before
{Heap before GC invocations=883 (full 4):
 PSYoungGen      total 2560K, used 2432K [0x00000000d5580000, 0x00000000d5900000, 0x0000000100000000)
  eden space 2048K, 100% used [0x00000000d5580000,0x00000000d5780000,0x00000000d5780000)
  from space 512K, 75% used [0x00000000d5780000,0x00000000d57e0000,0x00000000d5800000)
  to   space 512K, 0% used [0x00000000d5880000,0x00000000d5880000,0x00000000d5900000)
 ParOldGen       total 224256K, used 223865K [0x0000000080000000, 0x000000008db00000, 0x00000000d5580000)
  object space 224256K, 99% used [0x0000000080000000,0x000000008da9e710,0x000000008db00000)
 Metaspace       used 79306K, committed 81024K, reserved 1179648K
  class space    used 8163K, committed 8896K, reserved 1048576K
}
Event: 3426.598 GC heap after
{Heap after GC invocations=883 (full 4):
 PSYoungGen      total 2560K, used 352K [0x00000000d5580000, 0x00000000d5900000, 0x0000000100000000)
  eden space 2048K, 0% used [0x00000000d5580000,0x00000000d5580000,0x00000000d5780000)
  from space 512K, 68% used [0x00000000d5880000,0x00000000d58d8000,0x00000000d5900000)
  to   space 512K, 0% used [0x00000000d5780000,0x00000000d5780000,0x00000000d5800000)
 ParOldGen       total 224256K, used 223961K [0x0000000080000000, 0x000000008db00000, 0x00000000d5580000)
  object space 224256K, 99% used [0x0000000080000000,0x000000008dab6710,0x000000008db00000)
 Metaspace       used 79306K, committed 81024K, reserved 1179648K
  class space    used 8163K, committed 8896K, reserved 1048576K
}
Event: 4401.386 GC heap before
{Heap before GC invocations=884 (full 4):
 PSYoungGen      total 2560K, used 2400K [0x00000000d5580000, 0x00000000d5900000, 0x0000000100000000)
  eden space 2048K, 100% used [0x00000000d5580000,0x00000000d5780000,0x00000000d5780000)
  from space 512K, 68% used [0x00000000d5880000,0x00000000d58d8000,0x00000000d5900000)
  to   space 512K, 0% used [0x00000000d5780000,0x00000000d5780000,0x00000000d5800000)
 ParOldGen       total 224256K, used 223961K [0x0000000080000000, 0x000000008db00000, 0x00000000d5580000)
  object space 224256K, 99% used [0x0000000080000000,0x000000008dab6710,0x000000008db00000)
 Metaspace       used 79314K, committed 81024K, reserved 1179648K
  class space    used 8163K, committed 8896K, reserved 1048576K
}
Event: 4401.534 GC heap after
{Heap after GC invocations=884 (full 4):
 PSYoungGen      total 2560K, used 416K [0x00000000d5580000, 0x00000000d5900000, 0x0000000100000000)
  eden space 2048K, 0% used [0x00000000d5580000,0x00000000d5580000,0x00000000d5780000)
  from space 512K, 81% used [0x00000000d5780000,0x00000000d57e8020,0x00000000d5800000)
  to   space 512K, 0% used [0x00000000d5880000,0x00000000d5880000,0x00000000d5900000)
 ParOldGen       total 224256K, used 224185K [0x0000000080000000, 0x000000008db00000, 0x00000000d5580000)
  object space 224256K, 99% used [0x0000000080000000,0x000000008daee710,0x000000008db00000)
 Metaspace       used 79314K, committed 81024K, reserved 1179648K
  class space    used 8163K, committed 8896K, reserved 1048576K
}
Event: 4402.839 GC heap before
{Heap before GC invocations=885 (full 4):
 PSYoungGen      total 2560K, used 2463K [0x00000000d5580000, 0x00000000d5900000, 0x0000000100000000)
  eden space 2048K, 99% used [0x00000000d5580000,0x00000000d577ffd8,0x00000000d5780000)
  from space 512K, 81% used [0x00000000d5780000,0x00000000d57e8020,0x00000000d5800000)
  to   space 512K, 0% used [0x00000000d5880000,0x00000000d5880000,0x00000000d5900000)
 ParOldGen       total 224256K, used 224185K [0x0000000080000000, 0x000000008db00000, 0x00000000d5580000)
  object space 224256K, 99% used [0x0000000080000000,0x000000008daee710,0x000000008db00000)
 Metaspace       used 79323K, committed 81024K, reserved 1179648K
  class space    used 8163K, committed 8896K, reserved 1048576K
}
Event: 4402.843 GC heap after
{Heap after GC invocations=885 (full 4):
 PSYoungGen      total 2560K, used 352K [0x00000000d5580000, 0x00000000d5900000, 0x0000000100000000)
  eden space 2048K, 0% used [0x00000000d5580000,0x00000000d5580000,0x00000000d5780000)
  from space 512K, 68% used [0x00000000d5880000,0x00000000d58d8000,0x00000000d5900000)
  to   space 512K, 0% used [0x00000000d5780000,0x00000000d5780000,0x00000000d5800000)
 ParOldGen       total 224768K, used 224329K [0x0000000080000000, 0x000000008db80000, 0x00000000d5580000)
  object space 224768K, 99% used [0x0000000080000000,0x000000008db12740,0x000000008db80000)
 Metaspace       used 79323K, committed 81024K, reserved 1179648K
  class space    used 8163K, committed 8896K, reserved 1048576K
}
Event: 4403.150 GC heap before
{Heap before GC invocations=886 (full 4):
 PSYoungGen      total 2560K, used 2400K [0x00000000d5580000, 0x00000000d5900000, 0x0000000100000000)
  eden space 2048K, 100% used [0x00000000d5580000,0x00000000d5780000,0x00000000d5780000)
  from space 512K, 68% used [0x00000000d5880000,0x00000000d58d8000,0x00000000d5900000)
  to   space 512K, 0% used [0x00000000d5780000,0x00000000d5780000,0x00000000d5800000)
 ParOldGen       total 224768K, used 224329K [0x0000000080000000, 0x000000008db80000, 0x00000000d5580000)
  object space 224768K, 99% used [0x0000000080000000,0x000000008db12740,0x000000008db80000)
 Metaspace       used 79327K, committed 81024K, reserved 1179648K
  class space    used 8163K, committed 8896K, reserved 1048576K
}
Event: 4403.154 GC heap after
{Heap after GC invocations=886 (full 4):
 PSYoungGen      total 2560K, used 416K [0x00000000d5580000, 0x00000000d5900000, 0x0000000100000000)
  eden space 2048K, 0% used [0x00000000d5580000,0x00000000d5580000,0x00000000d5780000)
  from space 512K, 81% used [0x00000000d5780000,0x00000000d57e8000,0x00000000d5800000)
  to   space 512K, 0% used [0x00000000d5880000,0x00000000d5880000,0x00000000d5900000)
 ParOldGen       total 224768K, used 224585K [0x0000000080000000, 0x000000008db80000, 0x00000000d5580000)
  object space 224768K, 99% used [0x0000000080000000,0x000000008db52740,0x000000008db80000)
 Metaspace       used 79327K, committed 81024K, reserved 1179648K
  class space    used 8163K, committed 8896K, reserved 1048576K
}
Event: 4403.421 GC heap before
{Heap before GC invocations=887 (full 4):
 PSYoungGen      total 2560K, used 2464K [0x00000000d5580000, 0x00000000d5900000, 0x0000000100000000)
  eden space 2048K, 100% used [0x00000000d5580000,0x00000000d5780000,0x00000000d5780000)
  from space 512K, 81% used [0x00000000d5780000,0x00000000d57e8000,0x00000000d5800000)
  to   space 512K, 0% used [0x00000000d5880000,0x00000000d5880000,0x00000000d5900000)
 ParOldGen       total 224768K, used 224585K [0x0000000080000000, 0x000000008db80000, 0x00000000d5580000)
  object space 224768K, 99% used [0x0000000080000000,0x000000008db52740,0x000000008db80000)
 Metaspace       used 79338K, committed 81024K, reserved 1179648K
  class space    used 8165K, committed 8896K, reserved 1048576K
}
Event: 4403.424 GC heap after
{Heap after GC invocations=887 (full 4):
 PSYoungGen      total 2560K, used 352K [0x00000000d5580000, 0x00000000d5900000, 0x0000000100000000)
  eden space 2048K, 0% used [0x00000000d5580000,0x00000000d5580000,0x00000000d5780000)
  from space 512K, 68% used [0x00000000d5880000,0x00000000d58d8000,0x00000000d5900000)
  to   space 512K, 0% used [0x00000000d5780000,0x00000000d5780000,0x00000000d5800000)
 ParOldGen       total 224768K, used 224697K [0x0000000080000000, 0x000000008db80000, 0x00000000d5580000)
  object space 224768K, 99% used [0x0000000080000000,0x000000008db6e740,0x000000008db80000)
 Metaspace       used 79338K, committed 81024K, reserved 1179648K
  class space    used 8165K, committed 8896K, reserved 1048576K
}
Event: 4403.548 GC heap before
{Heap before GC invocations=888 (full 4):
 PSYoungGen      total 2560K, used 2400K [0x00000000d5580000, 0x00000000d5900000, 0x0000000100000000)
  eden space 2048K, 100% used [0x00000000d5580000,0x00000000d5780000,0x00000000d5780000)
  from space 512K, 68% used [0x00000000d5880000,0x00000000d58d8000,0x00000000d5900000)
  to   space 512K, 0% used [0x00000000d5780000,0x00000000d5780000,0x00000000d5800000)
 ParOldGen       total 224768K, used 224697K [0x0000000080000000, 0x000000008db80000, 0x00000000d5580000)
  object space 224768K, 99% used [0x0000000080000000,0x000000008db6e740,0x000000008db80000)
 Metaspace       used 79340K, committed 81024K, reserved 1179648K
  class space    used 8165K, committed 8896K, reserved 1048576K
}
Event: 4403.550 GC heap after
{Heap after GC invocations=888 (full 4):
 PSYoungGen      total 2560K, used 384K [0x00000000d5580000, 0x00000000d5900000, 0x0000000100000000)
  eden space 2048K, 0% used [0x00000000d5580000,0x00000000d5580000,0x00000000d5780000)
  from space 512K, 75% used [0x00000000d5780000,0x00000000d57e0000,0x00000000d5800000)
  to   space 512K, 0% used [0x00000000d5880000,0x00000000d5880000,0x00000000d5900000)
 ParOldGen       total 225280K, used 224817K [0x0000000080000000, 0x000000008dc00000, 0x00000000d5580000)
  object space 225280K, 99% used [0x0000000080000000,0x000000008db8c740,0x000000008dc00000)
 Metaspace       used 79340K, committed 81024K, reserved 1179648K
  class space    used 8165K, committed 8896K, reserved 1048576K
}
Event: 4403.584 GC heap before
{Heap before GC invocations=889 (full 4):
 PSYoungGen      total 2560K, used 2432K [0x00000000d5580000, 0x00000000d5900000, 0x0000000100000000)
  eden space 2048K, 100% used [0x00000000d5580000,0x00000000d5780000,0x00000000d5780000)
  from space 512K, 75% used [0x00000000d5780000,0x00000000d57e0000,0x00000000d5800000)
  to   space 512K, 0% used [0x00000000d5880000,0x00000000d5880000,0x00000000d5900000)
 ParOldGen       total 225280K, used 224817K [0x0000000080000000, 0x000000008dc00000, 0x00000000d5580000)
  object space 225280K, 99% used [0x0000000080000000,0x000000008db8c740,0x000000008dc00000)
 Metaspace       used 79340K, committed 81024K, reserved 1179648K
  class space    used 8165K, committed 8896K, reserved 1048576K
}
Event: 4403.589 GC heap after
{Heap after GC invocations=889 (full 4):
 PSYoungGen      total 2560K, used 352K [0x00000000d5580000, 0x00000000d5900000, 0x0000000100000000)
  eden space 2048K, 0% used [0x00000000d5580000,0x00000000d5580000,0x00000000d5780000)
  from space 512K, 68% used [0x00000000d5880000,0x00000000d58d8000,0x00000000d5900000)
  to   space 512K, 0% used [0x00000000d5780000,0x00000000d5780000,0x00000000d5800000)
 ParOldGen       total 225280K, used 224865K [0x0000000080000000, 0x000000008dc00000, 0x00000000d5580000)
  object space 225280K, 99% used [0x0000000080000000,0x000000008db98740,0x000000008dc00000)
 Metaspace       used 79340K, committed 81024K, reserved 1179648K
  class space    used 8165K, committed 8896K, reserved 1048576K
}
Event: 4702.770 GC heap before
{Heap before GC invocations=890 (full 4):
 PSYoungGen      total 2560K, used 2400K [0x00000000d5580000, 0x00000000d5900000, 0x0000000100000000)
  eden space 2048K, 100% used [0x00000000d5580000,0x00000000d5780000,0x00000000d5780000)
  from space 512K, 68% used [0x00000000d5880000,0x00000000d58d8000,0x00000000d5900000)
  to   space 512K, 0% used [0x00000000d5780000,0x00000000d5780000,0x00000000d5800000)
 ParOldGen       total 225280K, used 224865K [0x0000000080000000, 0x000000008dc00000, 0x00000000d5580000)
  object space 225280K, 99% used [0x0000000080000000,0x000000008db98740,0x000000008dc00000)
 Metaspace       used 79354K, committed 81024K, reserved 1179648K
  class space    used 8165K, committed 8896K, reserved 1048576K
}
Event: 4702.868 GC heap after
{Heap after GC invocations=890 (full 4):
 PSYoungGen      total 2560K, used 320K [0x00000000d5580000, 0x00000000d5900000, 0x0000000100000000)
  eden space 2048K, 0% used [0x00000000d5580000,0x00000000d5580000,0x00000000d5780000)
  from space 512K, 62% used [0x00000000d5780000,0x00000000d57d0000,0x00000000d5800000)
  to   space 512K, 0% used [0x00000000d5880000,0x00000000d5880000,0x00000000d5900000)
 ParOldGen       total 225280K, used 224945K [0x0000000080000000, 0x000000008dc00000, 0x00000000d5580000)
  object space 225280K, 99% used [0x0000000080000000,0x000000008dbac740,0x000000008dc00000)
 Metaspace       used 79354K, committed 81024K, reserved 1179648K
  class space    used 8165K, committed 8896K, reserved 1048576K
}
Event: 4703.774 GC heap before
{Heap before GC invocations=891 (full 4):
 PSYoungGen      total 2560K, used 2367K [0x00000000d5580000, 0x00000000d5900000, 0x0000000100000000)
  eden space 2048K, 99% used [0x00000000d5580000,0x00000000d577ffc0,0x00000000d5780000)
  from space 512K, 62% used [0x00000000d5780000,0x00000000d57d0000,0x00000000d5800000)
  to   space 512K, 0% used [0x00000000d5880000,0x00000000d5880000,0x00000000d5900000)
 ParOldGen       total 225280K, used 224945K [0x0000000080000000, 0x000000008dc00000, 0x00000000d5580000)
  object space 225280K, 99% used [0x0000000080000000,0x000000008dbac740,0x000000008dc00000)
 Metaspace       used 79359K, committed 81024K, reserved 1179648K
  class space    used 8165K, committed 8896K, reserved 1048576K
}
Event: 4703.787 GC heap after
{Heap after GC invocations=891 (full 4):
 PSYoungGen      total 2560K, used 512K [0x00000000d5580000, 0x00000000d5980000, 0x0000000100000000)
  eden space 2048K, 0% used [0x00000000d5580000,0x00000000d5580000,0x00000000d5780000)
  from space 512K, 100% used [0x00000000d5880000,0x00000000d5900000,0x00000000d5900000)
  to   space 1024K, 0% used [0x00000000d5780000,0x00000000d5780000,0x00000000d5880000)
 ParOldGen       total 225280K, used 225081K [0x0000000080000000, 0x000000008dc00000, 0x00000000d5580000)
  object space 225280K, 99% used [0x0000000080000000,0x000000008dbce740,0x000000008dc00000)
 Metaspace       used 79359K, committed 81024K, reserved 1179648K
  class space    used 8165K, committed 8896K, reserved 1048576K
}

Dll operation events (10 events):
Event: 0.008 Loaded shared library c:\Users\27050\.antigravity\extensions\redhat.java-1.54.0-win32-x64\jre\21.0.10-win32-x86_64\bin\java.dll
Event: 0.024 Loaded shared library c:\Users\27050\.antigravity\extensions\redhat.java-1.54.0-win32-x64\jre\21.0.10-win32-x86_64\bin\zip.dll
Event: 0.056 Loaded shared library C:\Users\27050\.antigravity\extensions\redhat.java-1.54.0-win32-x64\jre\21.0.10-win32-x86_64\bin\instrument.dll
Event: 0.060 Loaded shared library C:\Users\27050\.antigravity\extensions\redhat.java-1.54.0-win32-x64\jre\21.0.10-win32-x86_64\bin\net.dll
Event: 0.061 Loaded shared library C:\Users\27050\.antigravity\extensions\redhat.java-1.54.0-win32-x64\jre\21.0.10-win32-x86_64\bin\nio.dll
Event: 0.063 Loaded shared library C:\Users\27050\.antigravity\extensions\redhat.java-1.54.0-win32-x64\jre\21.0.10-win32-x86_64\bin\zip.dll
Event: 0.074 Loaded shared library C:\Users\27050\.antigravity\extensions\redhat.java-1.54.0-win32-x64\jre\21.0.10-win32-x86_64\bin\jimage.dll
Event: 0.117 Loaded shared library c:\Users\27050\.antigravity\extensions\redhat.java-1.54.0-win32-x64\jre\21.0.10-win32-x86_64\bin\verify.dll
Event: 1.040 Loaded shared library C:\Users\27050\AppData\Roaming\Antigravity\User\globalStorage\redhat.java\1.54.0\config_win\org.eclipse.equinox.launcher\org.eclipse.equinox.launcher.win32.win32.x86_64_1.3.0.v20260203-2149\eclipse_11919.dll
Event: 4.566 Loaded shared library C:\Users\27050\AppData\Local\Temp\jna-47862374\jna15983840115522018679.dll

Deoptimization events (20 events):
Event: 4403.371 Thread 0x000001cc7beb2690 Uncommon trap: trap_request=0xffffffd6 fr.pc=0x000001cc23710ad4 relative=0x0000000000000234
Event: 4403.371 Thread 0x000001cc7beb2690 Uncommon trap: reason=array_check action=maybe_recompile pc=0x000001cc23710ad4 method=java.util.LinkedHashMap.keysToArray([Ljava/lang/Object;Z)[Ljava/lang/Object; @ 67 c2
Event: 4403.371 Thread 0x000001cc7beb2690 DEOPT PACKING pc=0x000001cc23710ad4 sp=0x0000006ee99fdb90
Event: 4403.372 Thread 0x000001cc7beb2690 DEOPT UNPACKING pc=0x000001cc221b3aa2 sp=0x0000006ee99fdb10 mode 2
Event: 4403.624 Thread 0x000001cc7beb2690 Uncommon trap: trap_request=0xffffffd6 fr.pc=0x000001cc23718764 relative=0x0000000000000424
Event: 4403.624 Thread 0x000001cc7beb2690 Uncommon trap: reason=array_check action=maybe_recompile pc=0x000001cc23718764 method=java.util.TimSort.reverseRange([Ljava/lang/Object;II)V @ 20 c2
Event: 4403.625 Thread 0x000001cc7beb2690 DEOPT PACKING pc=0x000001cc23718764 sp=0x0000006ee99fe370
Event: 4403.625 Thread 0x000001cc7beb2690 DEOPT UNPACKING pc=0x000001cc221b3aa2 sp=0x0000006ee99fe280 mode 2
Event: 4403.626 Thread 0x000001cc7beb2690 Uncommon trap: trap_request=0xffffffd6 fr.pc=0x000001cc23718764 relative=0x0000000000000424
Event: 4403.626 Thread 0x000001cc7beb2690 Uncommon trap: reason=array_check action=maybe_recompile pc=0x000001cc23718764 method=java.util.TimSort.reverseRange([Ljava/lang/Object;II)V @ 20 c2
Event: 4403.626 Thread 0x000001cc7beb2690 DEOPT PACKING pc=0x000001cc23718764 sp=0x0000006ee99fe3f0
Event: 4403.626 Thread 0x000001cc7beb2690 DEOPT UNPACKING pc=0x000001cc221b3aa2 sp=0x0000006ee99fe300 mode 2
Event: 4403.626 Thread 0x000001cc7beb2690 Uncommon trap: trap_request=0xffffffd6 fr.pc=0x000001cc23718764 relative=0x0000000000000424
Event: 4403.626 Thread 0x000001cc7beb2690 Uncommon trap: reason=array_check action=maybe_recompile pc=0x000001cc23718764 method=java.util.TimSort.reverseRange([Ljava/lang/Object;II)V @ 20 c2
Event: 4403.627 Thread 0x000001cc7beb2690 DEOPT PACKING pc=0x000001cc23718764 sp=0x0000006ee99fe2a0
Event: 4403.627 Thread 0x000001cc7beb2690 DEOPT UNPACKING pc=0x000001cc221b3aa2 sp=0x0000006ee99fe1b0 mode 2
Event: 4403.627 Thread 0x000001cc7beb2690 Uncommon trap: trap_request=0xffffffd6 fr.pc=0x000001cc23718764 relative=0x0000000000000424
Event: 4403.627 Thread 0x000001cc7beb2690 Uncommon trap: reason=array_check action=maybe_recompile pc=0x000001cc23718764 method=java.util.TimSort.reverseRange([Ljava/lang/Object;II)V @ 20 c2
Event: 4403.627 Thread 0x000001cc7beb2690 DEOPT PACKING pc=0x000001cc23718764 sp=0x0000006ee99fe310
Event: 4403.627 Thread 0x000001cc7beb2690 DEOPT UNPACKING pc=0x000001cc221b3aa2 sp=0x0000006ee99fe220 mode 2

Classes loaded (20 events):
Event: 564.176 Loading class java/util/function/LongFunction
Event: 564.176 Loading class java/util/function/LongFunction done
Event: 564.177 Loading class java/util/stream/Nodes$ConcNode
Event: 564.177 Loading class java/util/stream/Nodes$AbstractConcNode
Event: 564.178 Loading class java/util/stream/Nodes$AbstractConcNode done
Event: 564.178 Loading class java/util/stream/Nodes$ConcNode done
Event: 564.199 Loading class java/util/stream/Nodes$ToArrayTask$OfRef
Event: 564.200 Loading class java/util/stream/Nodes$ToArrayTask
Event: 564.200 Loading class java/util/stream/Nodes$ToArrayTask done
Event: 564.200 Loading class java/util/stream/Nodes$ToArrayTask$OfRef done
Event: 564.206 Loading class java/io/ObjectOutputStream$BlockDataOutputStream
Event: 564.207 Loading class java/io/ObjectOutputStream$BlockDataOutputStream done
Event: 564.207 Loading class java/io/ObjectOutputStream$HandleTable
Event: 564.207 Loading class java/io/ObjectOutputStream$HandleTable done
Event: 564.207 Loading class java/io/ObjectOutputStream$ReplaceTable
Event: 564.207 Loading class java/io/ObjectOutputStream$ReplaceTable done
Event: 564.395 Loading class java/nio/file/Path$1
Event: 564.397 Loading class java/nio/file/Path$1 done
Event: 3127.964 Loading class jdk/internal/module/IllegalAccessLogger
Event: 3127.966 Loading class jdk/internal/module/IllegalAccessLogger done

Classes unloaded (16 events):
Event: 5.144 Thread 0x000001cc17aa48d0 Unloading class 0x000001cc301a5000 'java/lang/invoke/LambdaForm$MH+0x000001cc301a5000'
Event: 5.144 Thread 0x000001cc17aa48d0 Unloading class 0x000001cc301a4c00 'java/lang/invoke/LambdaForm$MH+0x000001cc301a4c00'
Event: 5.144 Thread 0x000001cc17aa48d0 Unloading class 0x000001cc301a4800 'java/lang/invoke/LambdaForm$MH+0x000001cc301a4800'
Event: 5.144 Thread 0x000001cc17aa48d0 Unloading class 0x000001cc301a4400 'java/lang/invoke/LambdaForm$MH+0x000001cc301a4400'
Event: 5.144 Thread 0x000001cc17aa48d0 Unloading class 0x000001cc301a4000 'java/lang/invoke/LambdaForm$BMH+0x000001cc301a4000'
Event: 5.144 Thread 0x000001cc17aa48d0 Unloading class 0x000001cc301a3c00 'java/lang/invoke/LambdaForm$DMH+0x000001cc301a3c00'
Event: 5.144 Thread 0x000001cc17aa48d0 Unloading class 0x000001cc301a2c00 'java/lang/invoke/LambdaForm$DMH+0x000001cc301a2c00'
Event: 505.482 Thread 0x000001cc17aa48d0 Unloading class 0x000001cc30729c00 'java/lang/invoke/LambdaForm$MH+0x000001cc30729c00'
Event: 505.482 Thread 0x000001cc17aa48d0 Unloading class 0x000001cc30729400 'java/lang/invoke/LambdaForm$MH+0x000001cc30729400'
Event: 505.482 Thread 0x000001cc17aa48d0 Unloading class 0x000001cc30728c00 'java/lang/invoke/LambdaForm$MH+0x000001cc30728c00'
Event: 505.482 Thread 0x000001cc17aa48d0 Unloading class 0x000001cc30728800 'java/lang/invoke/LambdaForm$MH+0x000001cc30728800'
Event: 505.482 Thread 0x000001cc17aa48d0 Unloading class 0x000001cc30723c00 'java/lang/invoke/LambdaForm$MH+0x000001cc30723c00'
Event: 505.482 Thread 0x000001cc17aa48d0 Unloading class 0x000001cc30723400 'java/lang/invoke/LambdaForm$MH+0x000001cc30723400'
Event: 505.482 Thread 0x000001cc17aa48d0 Unloading class 0x000001cc30722c00 'java/lang/invoke/LambdaForm$MH+0x000001cc30722c00'
Event: 505.482 Thread 0x000001cc17aa48d0 Unloading class 0x000001cc30722400 'java/lang/invoke/LambdaForm$MH+0x000001cc30722400'
Event: 505.482 Thread 0x000001cc17aa48d0 Unloading class 0x000001cc3071c400 'java/lang/invoke/LambdaForm$DMH+0x000001cc3071c400'

Classes redefined (0 events):
No events

Internal exceptions (20 events):
Event: 506.140 Thread 0x000001cc77be64b0 Exception <a 'sun/nio/fs/WindowsException'{0x00000000d5697b20}> (0x00000000d5697b20) 
thrown [s\src\hotspot\share\prims\jni.cpp, line 520]
Event: 506.338 Thread 0x000001cc7beb2690 Implicit null exception at 0x000001cc23074416 to 0x000001cc230748a4
Event: 564.194 Thread 0x000001cc7beb2690 Exception <a 'sun/nio/fs/WindowsException'{0x00000000d57b5678}> (0x00000000d57b5678) 
thrown [s\src\hotspot\share\prims\jni.cpp, line 520]
Event: 564.194 Thread 0x000001cc7beb2690 Exception <a 'sun/nio/fs/WindowsException'{0x00000000d57b5f78}> (0x00000000d57b5f78) 
thrown [s\src\hotspot\share\prims\jni.cpp, line 520]
Event: 564.195 Thread 0x000001cc7beb2690 Implicit null exception at 0x000001cc23279c21 to 0x000001cc23279f2c
Event: 564.226 Thread 0x000001cc7beb2690 Exception <a 'java/lang/NoSuchMethodError'{0x00000000d5607cf8}: static [J.<clinit>()V> (0x00000000d5607cf8) 
thrown [s\src\hotspot\share\prims\jni.cpp, line 1111]
Event: 564.244 Thread 0x000001cc7beb2690 Exception <a 'java/lang/NoSuchMethodError'{0x00000000d5671fb0}: 'java.lang.Object java.lang.invoke.DirectMethodHandle$Holder.newInvokeSpecial(java.lang.Object, java.lang.Object, java.lang.Object, java.lang.Object, java.lang.Object, java.lang.Object, java.lang.Object, java.lang.Object)'> (0x00000000d5671fb0) 
thrown [s\src\hotspot\share\interpreter\linkResolver.cpp, line 773]
Event: 564.395 Thread 0x000001cc7beb2690 Exception <a 'sun/nio/fs/WindowsException'{0x00000000d5747d80}> (0x00000000d5747d80) 
thrown [s\src\hotspot\share\prims\jni.cpp, line 520]
Event: 564.395 Thread 0x000001cc7beb2690 Exception <a 'sun/nio/fs/WindowsException'{0x00000000d5748470}> (0x00000000d5748470) 
thrown [s\src\hotspot\share\prims\jni.cpp, line 520]
Event: 564.395 Thread 0x000001cc7beb2690 Exception <a 'sun/nio/fs/WindowsException'{0x00000000d5748878}> (0x00000000d5748878) 
thrown [s\src\hotspot\share\prims\jni.cpp, line 520]
Event: 564.401 Thread 0x000001cc7beb2690 Exception <a 'sun/nio/fs/WindowsException'{0x00000000d5767d68}> (0x00000000d5767d68) 
thrown [s\src\hotspot\share\prims\jni.cpp, line 520]
Event: 564.401 Thread 0x000001cc7beb2690 Exception <a 'sun/nio/fs/WindowsException'{0x00000000d5768468}> (0x00000000d5768468) 
thrown [s\src\hotspot\share\prims\jni.cpp, line 520]
Event: 864.463 Thread 0x000001cc7b4b5360 Exception <a 'sun/nio/fs/WindowsException'{0x00000000d561d010}> (0x00000000d561d010) 
thrown [s\src\hotspot\share\prims\jni.cpp, line 520]
Event: 864.463 Thread 0x000001cc7b4b5360 Exception <a 'sun/nio/fs/WindowsException'{0x00000000d561db30}> (0x00000000d561db30) 
thrown [s\src\hotspot\share\prims\jni.cpp, line 520]
Event: 3125.930 Thread 0x000001cc77be64b0 Exception <a 'sun/nio/fs/WindowsException'{0x00000000d577d3b8}> (0x00000000d577d3b8) 
thrown [s\src\hotspot\share\prims\jni.cpp, line 520]
Event: 3127.231 Thread 0x000001cc77be64b0 Exception <a 'sun/nio/fs/WindowsException'{0x00000000d566ed10}> (0x00000000d566ed10) 
thrown [s\src\hotspot\share\prims\jni.cpp, line 520]
Event: 3426.056 Thread 0x000001cc7beb2690 Exception <a 'sun/nio/fs/WindowsException'{0x00000000d5696828}> (0x00000000d5696828) 
thrown [s\src\hotspot\share\prims\jni.cpp, line 520]
Event: 3426.059 Thread 0x000001cc7beb2690 Exception <a 'sun/nio/fs/WindowsException'{0x00000000d5697108}> (0x00000000d5697108) 
thrown [s\src\hotspot\share\prims\jni.cpp, line 520]
Event: 4702.536 Thread 0x000001cc7beb2690 Exception <a 'sun/nio/fs/WindowsException'{0x00000000d56d93c0}> (0x00000000d56d93c0) 
thrown [s\src\hotspot\share\prims\jni.cpp, line 520]
Event: 4702.540 Thread 0x000001cc7beb2690 Exception <a 'sun/nio/fs/WindowsException'{0x00000000d56dd388}> (0x00000000d56dd388) 
thrown [s\src\hotspot\share\prims\jni.cpp, line 520]

ZGC Phase Switch (0 events):
No events

VM Operations (20 events):
Event: 7155.104 Executing non-safepoint VM operation: RendezvousGCThreads
Event: 7155.104 Executing non-safepoint VM operation: RendezvousGCThreads done
Event: 7215.294 Executing non-safepoint VM operation: HandshakeAllThreads (HandshakeForDeflation)
Event: 7215.302 Executing non-safepoint VM operation: HandshakeAllThreads (HandshakeForDeflation) done
Event: 7215.302 Executing non-safepoint VM operation: RendezvousGCThreads
Event: 7215.302 Executing non-safepoint VM operation: RendezvousGCThreads done
Event: 7272.720 Executing safepoint VM operation: Cleanup
Event: 7272.722 Executing safepoint VM operation: Cleanup done
Event: 7275.360 Executing non-safepoint VM operation: HandshakeAllThreads (HandshakeForDeflation)
Event: 7275.360 Executing non-safepoint VM operation: HandshakeAllThreads (HandshakeForDeflation) done
Event: 7275.360 Executing non-safepoint VM operation: RendezvousGCThreads
Event: 7275.360 Executing non-safepoint VM operation: RendezvousGCThreads done
Event: 7335.486 Executing non-safepoint VM operation: HandshakeAllThreads (HandshakeForDeflation)
Event: 7335.486 Executing non-safepoint VM operation: HandshakeAllThreads (HandshakeForDeflation) done
Event: 7335.486 Executing non-safepoint VM operation: RendezvousGCThreads
Event: 7335.486 Executing non-safepoint VM operation: RendezvousGCThreads done
Event: 7455.811 Executing non-safepoint VM operation: HandshakeAllThreads (HandshakeForDeflation)
Event: 7455.817 Executing non-safepoint VM operation: HandshakeAllThreads (HandshakeForDeflation) done
Event: 7455.817 Executing non-safepoint VM operation: RendezvousGCThreads
Event: 7455.817 Executing non-safepoint VM operation: RendezvousGCThreads done

Memory protections (0 events):
No events

Nmethod flushes (20 events):
Event: 505.603 Thread 0x000001cc17aa48d0 flushing  nmethod 0x000001cc1be17710
Event: 505.603 Thread 0x000001cc17aa48d0 flushing  nmethod 0x000001cc1be17b90
Event: 505.603 Thread 0x000001cc17aa48d0 flushing  nmethod 0x000001cc1be18910
Event: 505.603 Thread 0x000001cc17aa48d0 flushing  nmethod 0x000001cc1be19210
Event: 505.603 Thread 0x000001cc17aa48d0 flushing  nmethod 0x000001cc1be19c10
Event: 505.603 Thread 0x000001cc17aa48d0 flushing  nmethod 0x000001cc1be1a590
Event: 505.603 Thread 0x000001cc17aa48d0 flushing  nmethod 0x000001cc1be1df90
Event: 505.603 Thread 0x000001cc17aa48d0 flushing  nmethod 0x000001cc1be1e510
Event: 505.603 Thread 0x000001cc17aa48d0 flushing  nmethod 0x000001cc1be26110
Event: 505.603 Thread 0x000001cc17aa48d0 flushing  nmethod 0x000001cc1be26e90
Event: 505.603 Thread 0x000001cc17aa48d0 flushing  nmethod 0x000001cc1be2aa10
Event: 505.603 Thread 0x000001cc17aa48d0 flushing  nmethod 0x000001cc1be2f410
Event: 505.603 Thread 0x000001cc17aa48d0 flushing  nmethod 0x000001cc1be33390
Event: 505.603 Thread 0x000001cc17aa48d0 flushing  nmethod 0x000001cc1be61290
Event: 505.603 Thread 0x000001cc17aa48d0 flushing  nmethod 0x000001cc1be61b90
Event: 505.603 Thread 0x000001cc17aa48d0 flushing  nmethod 0x000001cc1be62710
Event: 505.603 Thread 0x000001cc17aa48d0 flushing  nmethod 0x000001cc1be87c90
Event: 505.603 Thread 0x000001cc17aa48d0 flushing  nmethod 0x000001cc1be9c990
Event: 505.603 Thread 0x000001cc17aa48d0 flushing  nmethod 0x000001cc1be9dc10
Event: 505.603 Thread 0x000001cc17aa48d0 flushing  nmethod 0x000001cc1bedff10

Events (20 events):
Event: 3134.280 Thread 0x000001cc7d0e8a80 Thread exited: 0x000001cc7d0e8a80
Event: 3188.508 Thread 0x000001cc7beaff30 Thread exited: 0x000001cc7beaff30
Event: 3188.508 Thread 0x000001cc7beb1970 Thread exited: 0x000001cc7beb1970
Event: 3188.571 Thread 0x000001cc7beb05c0 Thread exited: 0x000001cc7beb05c0
Event: 3189.269 Thread 0x000001cc7b4b5360 Thread exited: 0x000001cc7b4b5360
Event: 3426.011 Thread 0x000001cc7beb2690 Thread added: 0x000001cc7beb05c0
Event: 3426.024 Thread 0x000001cc7beb05c0 Thread exited: 0x000001cc7beb05c0
Event: 3426.065 Thread 0x000001cc7beb2690 Thread added: 0x000001cc7beaf8a0
Event: 3426.067 Thread 0x000001cc7beaf8a0 Thread added: 0x000001cc7beb33b0
Event: 3426.069 Thread 0x000001cc7beaf8a0 Thread added: 0x000001cc7beb05c0
Event: 3426.070 Thread 0x000001cc7beaf8a0 Thread exited: 0x000001cc7beaf8a0
Event: 3426.070 Thread 0x000001cc7beb05c0 Thread exited: 0x000001cc7beb05c0
Event: 3426.070 Thread 0x000001cc7beb33b0 Thread exited: 0x000001cc7beb33b0
Event: 3426.933 Thread 0x000001cc7beaf210 Thread exited: 0x000001cc7beaf210
Event: 4702.438 Thread 0x000001cc7beb2690 Thread added: 0x000001cc7beaff30
Event: 4702.464 Thread 0x000001cc7beaff30 Thread exited: 0x000001cc7beaff30
Event: 4702.552 Thread 0x000001cc7beb2690 Thread added: 0x000001cc7beaff30
Event: 4702.558 Thread 0x000001cc7beaff30 Thread added: 0x000001cc7beb1970
Event: 4702.562 Thread 0x000001cc7beaff30 Thread exited: 0x000001cc7beaff30
Event: 4702.562 Thread 0x000001cc7beb1970 Thread exited: 0x000001cc7beb1970


Dynamic libraries:
0x00007ff6e1160000 - 0x00007ff6e116e000 	c:\Users\27050\.antigravity\extensions\redhat.java-1.54.0-win32-x64\jre\21.0.10-win32-x86_64\bin\java.exe
0x00007ffda04c0000 - 0x00007ffda0727000 	C:\WINDOWS\SYSTEM32\ntdll.dll
0x00007ffd9f900000 - 0x00007ffd9f9c9000 	C:\WINDOWS\System32\KERNEL32.DLL
0x00007ffd9dba0000 - 0x00007ffd9df94000 	C:\WINDOWS\System32\KERNELBASE.dll
0x00007ffd69a00000 - 0x00007ffd69a18000 	c:\Users\27050\.antigravity\extensions\redhat.java-1.54.0-win32-x64\jre\21.0.10-win32-x86_64\bin\jli.dll
0x00007ffd9f9d0000 - 0x00007ffd9fb95000 	C:\WINDOWS\System32\USER32.dll
0x00007ffd9d1e0000 - 0x00007ffd9d32b000 	C:\WINDOWS\System32\ucrtbase.dll
0x00007ffd8d040000 - 0x00007ffd8d2d3000 	C:\WINDOWS\WinSxS\amd64_microsoft.windows.common-controls_6595b64144ccf1df_6.0.26100.8115_none_3e075c82e3354f9c\COMCTL32.dll
0x00007ffd9fc60000 - 0x00007ffd9fd09000 	C:\WINDOWS\System32\msvcrt.dll
0x00007ffd9cd90000 - 0x00007ffd9cdb7000 	C:\WINDOWS\System32\win32u.dll
0x00007ffd9e350000 - 0x00007ffd9e37b000 	C:\WINDOWS\System32\GDI32.dll
0x00007ffd9e120000 - 0x00007ffd9e24b000 	C:\WINDOWS\System32\gdi32full.dll
0x00007ffd9d0a0000 - 0x00007ffd9d143000 	C:\WINDOWS\System32\msvcp_win.dll
0x00007ffd28890000 - 0x00007ffd288ae000 	c:\Users\27050\.antigravity\extensions\redhat.java-1.54.0-win32-x64\jre\21.0.10-win32-x86_64\bin\VCRUNTIME140.dll
0x00007ffd9edc0000 - 0x00007ffd9edf2000 	C:\WINDOWS\System32\IMM32.DLL
0x00007ffd699f0000 - 0x00007ffd699fc000 	c:\Users\27050\.antigravity\extensions\redhat.java-1.54.0-win32-x64\jre\21.0.10-win32-x86_64\bin\vcruntime140_1.dll
0x00007ffd22ef0000 - 0x00007ffd22f7d000 	c:\Users\27050\.antigravity\extensions\redhat.java-1.54.0-win32-x64\jre\21.0.10-win32-x86_64\bin\msvcp140.dll
0x00007ffcfcaa0000 - 0x00007ffcfd841000 	c:\Users\27050\.antigravity\extensions\redhat.java-1.54.0-win32-x64\jre\21.0.10-win32-x86_64\bin\server\jvm.dll
0x00007ffd9e380000 - 0x00007ffd9e436000 	C:\WINDOWS\System32\ADVAPI32.dll
0x00007ffd9f2a0000 - 0x00007ffd9f347000 	C:\WINDOWS\System32\sechost.dll
0x00007ffd9f160000 - 0x00007ffd9f278000 	C:\WINDOWS\System32\RPCRT4.dll
0x00007ffd9fbc0000 - 0x00007ffd9fc40000 	C:\WINDOWS\System32\WS2_32.dll
0x00007ffd9cbf0000 - 0x00007ffd9cc4e000 	C:\WINDOWS\SYSTEM32\POWRPROF.dll
0x00007ffd96020000 - 0x00007ffd9602b000 	C:\WINDOWS\SYSTEM32\VERSION.dll
0x00007ffd935f0000 - 0x00007ffd93626000 	C:\WINDOWS\SYSTEM32\WINMM.dll
0x00007ffd9cbd0000 - 0x00007ffd9cbe4000 	C:\WINDOWS\SYSTEM32\UMPDC.dll
0x00007ffd9baf0000 - 0x00007ffd9bb0b000 	C:\WINDOWS\SYSTEM32\kernel.appcore.dll
0x00007ffd2d6d0000 - 0x00007ffd2d6da000 	c:\Users\27050\.antigravity\extensions\redhat.java-1.54.0-win32-x64\jre\21.0.10-win32-x86_64\bin\jimage.dll
0x00007ffd9ab20000 - 0x00007ffd9ad62000 	C:\WINDOWS\SYSTEM32\DBGHELP.DLL
0x00007ffd9e440000 - 0x00007ffd9e7c2000 	C:\WINDOWS\System32\combase.dll
0x00007ffd9eef0000 - 0x00007ffd9efc8000 	C:\WINDOWS\System32\OLEAUT32.dll
0x00007ffd83d70000 - 0x00007ffd83dab000 	C:\WINDOWS\SYSTEM32\dbgcore.DLL
0x00007ffd9cff0000 - 0x00007ffd9d095000 	C:\WINDOWS\System32\bcryptPrimitives.dll
0x00007ffd2d080000 - 0x00007ffd2d08f000 	c:\Users\27050\.antigravity\extensions\redhat.java-1.54.0-win32-x64\jre\21.0.10-win32-x86_64\bin\instrument.dll
0x00007ffd28580000 - 0x00007ffd285a0000 	c:\Users\27050\.antigravity\extensions\redhat.java-1.54.0-win32-x64\jre\21.0.10-win32-x86_64\bin\java.dll
0x00007ffd9fd10000 - 0x00007ffda0477000 	C:\WINDOWS\System32\SHELL32.dll
0x00007ffd9cdc0000 - 0x00007ffd9cf2a000 	C:\WINDOWS\System32\wintypes.dll
0x00007ffd9d330000 - 0x00007ffd9db98000 	C:\WINDOWS\System32\windows.storage.dll
0x00007ffd9e250000 - 0x00007ffd9e348000 	C:\WINDOWS\System32\SHCORE.dll
0x00007ffd9ee00000 - 0x00007ffd9ee66000 	C:\WINDOWS\System32\shlwapi.dll
0x00007ffd9ccb0000 - 0x00007ffd9ccd9000 	C:\WINDOWS\SYSTEM32\profapi.dll
0x00007ffd22ca0000 - 0x00007ffd22cb8000 	c:\Users\27050\.antigravity\extensions\redhat.java-1.54.0-win32-x64\jre\21.0.10-win32-x86_64\bin\zip.dll
0x00007ffd69a20000 - 0x00007ffd69a30000 	C:\Users\27050\.antigravity\extensions\redhat.java-1.54.0-win32-x64\jre\21.0.10-win32-x86_64\bin\net.dll
0x00007ffd97550000 - 0x00007ffd9767d000 	C:\WINDOWS\SYSTEM32\WINHTTP.dll
0x00007ffd9c070000 - 0x00007ffd9c0dc000 	C:\WINDOWS\system32\mswsock.dll
0x00007ffd22ff0000 - 0x00007ffd23006000 	C:\Users\27050\.antigravity\extensions\redhat.java-1.54.0-win32-x64\jre\21.0.10-win32-x86_64\bin\nio.dll
0x00007ffd28880000 - 0x00007ffd28890000 	c:\Users\27050\.antigravity\extensions\redhat.java-1.54.0-win32-x64\jre\21.0.10-win32-x86_64\bin\verify.dll
0x00007ffd59280000 - 0x00007ffd592c5000 	C:\Users\27050\AppData\Roaming\Antigravity\User\globalStorage\redhat.java\1.54.0\config_win\org.eclipse.equinox.launcher\org.eclipse.equinox.launcher.win32.win32.x86_64_1.3.0.v20260203-2149\eclipse_11919.dll
0x00007ffd9f510000 - 0x00007ffd9f6a7000 	C:\WINDOWS\System32\ole32.dll
0x00007ffd9c370000 - 0x00007ffd9c38b000 	C:\WINDOWS\SYSTEM32\CRYPTSP.dll
0x00007ffd9ba50000 - 0x00007ffd9ba89000 	C:\WINDOWS\system32\rsaenh.dll
0x00007ffd9c140000 - 0x00007ffd9c173000 	C:\WINDOWS\SYSTEM32\USERENV.dll
0x00007ffd9cc80000 - 0x00007ffd9ccaa000 	C:\WINDOWS\SYSTEM32\bcrypt.dll
0x00007ffd9c390000 - 0x00007ffd9c39c000 	C:\WINDOWS\SYSTEM32\CRYPTBASE.dll
0x00007ffd9b4c0000 - 0x00007ffd9b4f2000 	C:\WINDOWS\SYSTEM32\IPHLPAPI.DLL
0x00007ffd9f290000 - 0x00007ffd9f29a000 	C:\WINDOWS\System32\NSI.dll
0x00007ffcfa270000 - 0x00007ffcfa2b9000 	C:\Users\27050\AppData\Local\Temp\jna-47862374\jna15983840115522018679.dll
0x00007ffd9fc50000 - 0x00007ffd9fc58000 	C:\WINDOWS\System32\PSAPI.DLL
0x00007ffd976d0000 - 0x00007ffd976ed000 	C:\WINDOWS\SYSTEM32\dhcpcsvc6.DLL
0x00007ffd97680000 - 0x00007ffd976a5000 	C:\WINDOWS\SYSTEM32\dhcpcsvc.DLL
0x00007ffd9bc10000 - 0x00007ffd9bc46000 	C:\WINDOWS\SYSTEM32\ntmarta.dll

JVMTI agents:
c:\Users\27050\.antigravity\extensions\redhat.java-1.54.0-win32-x64\lombok\lombok-1.18.39-4050.jar path:c:\Users\27050\.antigravity\extensions\redhat.java-1.54.0-win32-x64\jre\21.0.10-win32-x86_64\bin\instrument.dll, loaded, initialized, instrumentlib options:none

dbghelp: loaded successfully - version: 4.0.5 - missing functions: none
symbol engine: initialized successfully - sym options: 0x614 - pdb path: .;c:\Users\27050\.antigravity\extensions\redhat.java-1.54.0-win32-x64\jre\21.0.10-win32-x86_64\bin;C:\WINDOWS\SYSTEM32;C:\WINDOWS\WinSxS\amd64_microsoft.windows.common-controls_6595b64144ccf1df_6.0.26100.8115_none_3e075c82e3354f9c;c:\Users\27050\.antigravity\extensions\redhat.java-1.54.0-win32-x64\jre\21.0.10-win32-x86_64\bin\server;C:\Users\27050\AppData\Roaming\Antigravity\User\globalStorage\redhat.java\1.54.0\config_win\org.eclipse.equinox.launcher\org.eclipse.equinox.launcher.win32.win32.x86_64_1.3.0.v20260203-2149;C:\Users\27050\AppData\Local\Temp\jna-47862374

VM Arguments:
jvm_args: --add-modules=ALL-SYSTEM --add-opens=java.base/java.util=ALL-UNNAMED --add-opens=java.base/java.lang=ALL-UNNAMED --add-opens=java.base/sun.nio.fs=ALL-UNNAMED -Declipse.application=org.eclipse.jdt.ls.core.id1 -Dosgi.bundles.defaultStartLevel=4 -Declipse.product=org.eclipse.jdt.ls.core.product -Djava.import.generatesMetadataFilesAtProjectRoot=false -DDetectVMInstallationsJob.disabled=true -Dfile.encoding=utf8 -XX:+UseParallelGC -XX:GCTimeRatio=4 -XX:AdaptiveSizePolicyWeight=90 -Dsun.zip.disableMemoryMapping=true -Xmx2G -Xms100m -Xlog:disable -javaagent:c:\Users\27050\.antigravity\extensions\redhat.java-1.54.0-win32-x64\lombok\lombok-1.18.39-4050.jar -XX:+HeapDumpOnOutOfMemoryError -XX:HeapDumpPath=c:\Users\27050\AppData\Roaming\Antigravity\User\workspaceStorage\879445c47b29f3959501358c865667bc\redhat.java -Daether.dependencyCollector.impl=bf 
java_command: c:\Users\27050\.antigravity\extensions\redhat.java-1.54.0-win32-x64\server\plugins\org.eclipse.equinox.launcher_1.7.100.v20251111-0406.jar -configuration c:\Users\27050\AppData\Roaming\Antigravity\User\globalStorage\redhat.java\1.54.0\config_win -data c:\Users\27050\AppData\Roaming\Antigravity\User\workspaceStorage\879445c47b29f3959501358c865667bc\redhat.java\jdt_ws --pipe=\\.\pipe\lsp-8feea65022eeef885b09a541b25d9ef0-sock
java_class_path (initial): c:\Users\27050\.antigravity\extensions\redhat.java-1.54.0-win32-x64\server\plugins\org.eclipse.equinox.launcher_1.7.100.v20251111-0406.jar
Launcher Type: SUN_STANDARD

[Global flags]
    uintx AdaptiveSizePolicyWeight                 = 90                                        {product} {command line}
     intx CICompilerCount                          = 12                                        {product} {ergonomic}
    uintx GCTimeRatio                              = 4                                         {product} {command line}
     bool HeapDumpOnOutOfMemoryError               = true                                   {manageable} {command line}
    ccstr HeapDumpPath                             = c:\Users\27050\AppData\Roaming\Antigravity\User\workspaceStorage\879445c47b29f3959501358c865667bc\redhat.java         {manageable} {command line}
   size_t InitialHeapSize                          = 104857600                                 {product} {command line}
   size_t MaxHeapSize                              = 2147483648                                {product} {command line}
   size_t MaxNewSize                               = 715653120                                 {product} {ergonomic}
   size_t MinHeapDeltaBytes                        = 524288                                    {product} {ergonomic}
   size_t MinHeapSize                              = 104857600                                 {product} {command line}
   size_t NewSize                                  = 34603008                                  {product} {ergonomic}
    uintx NonNMethodCodeHeapSize                   = 7602480                                {pd product} {ergonomic}
    uintx NonProfiledCodeHeapSize                  = 122027880                              {pd product} {ergonomic}
   size_t OldSize                                  = 70254592                                  {product} {ergonomic}
    uintx ProfiledCodeHeapSize                     = 122027880                              {pd product} {ergonomic}
    uintx ReservedCodeCacheSize                    = 251658240                              {pd product} {ergonomic}
     bool SegmentedCodeCache                       = true                                      {product} {ergonomic}
   size_t SoftMaxHeapSize                          = 2147483648                             {manageable} {ergonomic}
     bool UseCompressedOops                        = true                           {product lp64_product} {ergonomic}
     bool UseLargePagesIndividualAllocation        = false                                  {pd product} {ergonomic}
     bool UseParallelGC                            = true                                      {product} {command line}

Logging:
Log output configuration:
 #0: stdout all=off uptime,level,tags foldmultilines=false
 #1: stderr all=off uptime,level,tags foldmultilines=false

Release file:
JAVA_VERSION="21.0.10" 
MODULES="java.base java.compiler java.datatransfer java.xml java.prefs java.desktop java.instrument java.logging java.management java.security.sasl java.naming java.rmi java.management.rmi java.net.http java.scripting java.security.jgss java.transaction.xa java.sql java.sql.rowset java.xml.crypto java.se java.smartcardio jdk.accessibility jdk.internal.jvmstat jdk.attach jdk.charsets jdk.internal.opt jdk.zipfs jdk.compiler jdk.crypto.ec jdk.crypto.cryptoki jdk.crypto.mscapi jdk.dynalink jdk.internal.ed jdk.editpad jdk.hotspot.agent jdk.httpserver jdk.internal.le jdk.internal.vm.ci jdk.internal.vm.compiler jdk.internal.vm.compiler.management jdk.jartool jdk.javadoc jdk.jcmd jdk.management jdk.management.agent jdk.jconsole jdk.jdeps jdk.jdwp.agent jdk.jdi jdk.jfr jdk.jshell jdk.jsobject jdk.jstatd jdk.localedata jdk.management.jfr jdk.naming.dns jdk.naming.rmi jdk.net jdk.nio.mapmode jdk.random jdk.sctp jdk.security.auth jdk.security.jgss jdk.unsupported jdk.unsupported.desktop jdk.xml.dom" 

Environment Variables:
JAVA_HOME=C:\Program Files\Java\jdk-17
PATH=C:\Program Files\Common Files\Oracle\Java\javapath;C:\Python314\Scripts\;C:\Python314\;E:\VMware\bin\;C:\WINDOWS\system32;C:\WINDOWS;C:\WINDOWS\System32\Wbem;C:\WINDOWS\System32\WindowsPowerShell\v1.0\;C:\WINDOWS\System32\OpenSSH\;C:\Program Files (x86)\NVIDIA Corporation\PhysX\Common;C:\Program Files\Microsoft SQL Server\150\Tools\Binn\;C:\Program Files\Java\jdk-17\bin;D:\apache-maven-3.8.8-bin\apache-maven-3.8.8\bin;C:\ProgramData\chocolatey\bin;C:\Program Files\MySQL\MySQL Server 8.1\bin;C:\Windows\dll;D:\BtSoft\panel\script;D:\apache-zookeeper-3.6.4-bin\apache-zookeeper-3.6.4-bin\bin;D:\kafka_2.12-3.7.2\bin\windows;%ERLANG_HOME%\bin;C:\Program Files\RabbitMQ Server\rabbitmq_server-4.1.2\sbin;C:\Program Files\RabbitMQ Server\rabbitmq_server-3.11.19\sbin;D:\RabbitMq\rabbitmq_server-4.0.8\sbin;D:\Git\cmd;D:\apache-maven-3.9.11-bin\apache-maven-3.9.11\bin;D:\apache-tomcat-10.1.48-windows-x64\apache-tomcat-10.1.48\bin;D:\nacos-server-3.1.0\nacos\bin;D:\rocketmq-all-5.3.3-bin-release\rocketmq-all-5.3.3-bin-release\bin;D:\NodeJs\node_global;D:\NodeJs\node_modules;D:\erl-24.3.4.2\bin;D:\RustUp;D:\Cargo_Home\bin;D:\phpstudy_pro\Extensions\php\php7.3.4nts;D:\Program Files\Go\bin;D:\NodeJs\node_cache;D:\NodeJs\nvm;D:\NodeJs\nodejs;D:\NodeJs\nvm;D:\Program Files\MongoDB\Server\8.2\bin;C:\Program Files\MySQL\MySQL Server 8.0\bin;D:\Git\mingw64\bin;D:\Program Files (x86)\GnuWin32\bin;;C:\Program Files\Docker\Docker\resources\bin;D:\Cargo_Home\bin;d:\anaconda3;d:\anaconda3\Library\mingw-w64\bin;d:\anaconda3\Library\usr\bin;d:\anaconda3\Library\bin;d:\anaconda3\Scripts;D:\tools\rust\.cargo\bin;C:\Users\27050\.cargo\bin;C:\Program Files\MySQL\MySQL Shell 8.0\bin\;C:\Users\27050\AppData\Local\Microsoft\WindowsApps;D:\PyCharm 2025.1\bin;;D:\CLion 2025.1.2\bin;;D:\IntelliJ IDEA 2025.2.1\bin;D:\NodeJs;D:\NodeJs\nvm;D:\NodeJs\nodejs;D:\Users\27050\AppData\Local\Programs\Microsoft VS Code\bin;D:\Users\27050\AppData\Local\Programs\Antigravity\bin;D:\Users\27050\AppData\Local\Programs\cursor\resources\app\bin
USERNAME=27050
OS=Windows_NT
PROCESSOR_IDENTIFIER=AMD64 Family 25 Model 68 Stepping 1, AuthenticAMD
TMP=C:\Users\27050\AppData\Local\Temp
TEMP=C:\Users\27050\AppData\Local\Temp




Periodic native trim disabled

---------------  S Y S T E M  ---------------

OS:
 Windows 11 , 64 bit Build 26100 (10.0.26100.8246)
OS uptime: 0 days 15:33 hours
Hyper-V role detected

CPU: total 16 (initial active 16) (16 cores per cpu, 2 threads per core) family 25 model 68 stepping 1 microcode 0xa404107, cx8, cmov, fxsr, ht, mmx, 3dnowpref, sse, sse2, sse3, ssse3, sse4a, sse4.1, sse4.2, popcnt, lzcnt, tsc, tscinvbit, avx, avx2, aes, erms, clmul, bmi1, bmi2, adx, sha, fma, vzeroupper, clflush, clflushopt, hv, rdtscp, rdpid, fsrm, f16c, cet_ss
Processor Information for the first 16 processors :
  Max Mhz: 3201, Current Mhz: 3201, Mhz Limit: 3201

Memory: 4k page, system-wide physical 15610M (144M free)
TotalPageFile size 47034M (AvailPageFile size 0M)
current process WorkingSet (physical memory assigned to process): 7M, peak: 600M
current process commit charge ("private bytes"): 605M, peak: 741M

vm_info: OpenJDK 64-Bit Server VM (21.0.10+7-LTS) for windows-amd64 JRE (21.0.10+7-LTS), built on 2026-01-20T00:00:00Z by "admin" with MS VC++ 17.12 (VS2022)

END.
