#
# There is insufficient memory for the Java Runtime Environment to continue.
# Native memory allocation (mmap) failed to map 255852544 bytes for G1 virtual space
# Possible reasons:
#   The system is out of physical RAM or swap space
#   The process is running with CompressedOops enabled, and the Java Heap may be blocking the growth of the native heap
# Possible solutions:
#   Reduce memory load on the system
#   Increase physical memory or swap space
#   Check if swap backing store is full
#   Decrease Java heap size (-Xmx/-Xms)
#   Decrease number of Java threads
#   Decrease Java thread stack sizes (-Xss)
#   Set larger code cache with -XX:ReservedCodeCacheSize=
#   JVM is running with Zero Based Compressed Oops mode in which the Java heap is
#     placed in the first 32GB address space. The Java Heap base address is the
#     maximum limit for the native heap growth. Please use -XX:HeapBaseMinAddress
#     to set the Java Heap base and to place the Java Heap above 32GB virtual address.
# This output file may be truncated or incomplete.
#
#  Out of Memory Error (os_windows.cpp:3548), pid=15520, tid=47672
#
# JRE version:  (17.0.12+8) (build )
# Java VM: Java HotSpot(TM) 64-Bit Server VM (17.0.12+8-LTS-286, mixed mode, sharing, tiered, compressed oops, compressed class ptrs, g1 gc, windows-amd64)
# No core dump will be written. Minidumps are not enabled by default on client versions of Windows
#

---------------  S U M M A R Y ------------

Command Line: --enable-native-access=ALL-UNNAMED 

Host: AMD Ryzen 7 7735H with Radeon Graphics        , 16 cores, 15G,  Windows 11 , 64 bit Build 26100 (10.0.26100.8246)
Time: Thu Apr 23 15:02:00 2026  Windows 11 , 64 bit Build 26100 (10.0.26100.8246) elapsed time: 1.181786 seconds (0d 0h 0m 1s)

---------------  T H R E A D  ---------------

Current thread (0x00000211b0052f90):  JavaThread "Unknown thread" [_thread_in_vm, id=47672, stack(0x0000009660500000,0x0000009660600000)]

Stack: [0x0000009660500000,0x0000009660600000]
Native frames: (J=compiled Java code, j=interpreted, Vv=VM code, C=native code)
V  [jvm.dll+0x67a04a]
V  [jvm.dll+0x7da4ed]
V  [jvm.dll+0x7dbe33]
V  [jvm.dll+0x7dc4a3]
V  [jvm.dll+0x24508f]
V  [jvm.dll+0x677089]
V  [jvm.dll+0x66bd32]
V  [jvm.dll+0x301fa6]
V  [jvm.dll+0x309546]
V  [jvm.dll+0x359d2e]
V  [jvm.dll+0x359f5f]
V  [jvm.dll+0x2d9078]
V  [jvm.dll+0x2d9fe4]
V  [jvm.dll+0x7aca21]
V  [jvm.dll+0x367591]
V  [jvm.dll+0x78b999]
V  [jvm.dll+0x3ec83f]
V  [jvm.dll+0x3ee471]
C  [jli.dll+0x5297]
C  [ucrtbase.dll+0x37b0]
C  [KERNEL32.DLL+0x2e8d7]
C  [ntdll.dll+0x8c3fc]


---------------  P R O C E S S  ---------------

Threads class SMR info:
_java_thread_list=0x00007ffea0167a18, length=0, elements={
}

Java Threads: ( => current thread )

Other Threads:
  0x00000211b00be970 GCTaskThread "GC Thread#0" [stack: 0x0000009660600000,0x0000009660700000] [id=17380]
  0x00000211b00d2040 ConcurrentGCThread "G1 Main Marker" [stack: 0x0000009660700000,0x0000009660800000] [id=13248]
  0x00000211b00d3960 ConcurrentGCThread "G1 Conc#0" [stack: 0x0000009660800000,0x0000009660900000] [id=37412]

[error occurred during error reporting (printing all threads), id 0xc0000005, EXCEPTION_ACCESS_VIOLATION (0xc0000005) at pc=0x00007ffe9f999b67]

VM state: not at safepoint (not fully initialized)

VM Mutex/Monitor currently owned by a thread:  ([mutex/lock_event])
[0x00000211b004d680] Heap_lock - owner thread: 0x00000211b0052f90

Heap address: 0x000000070c000000, size: 3904 MB, Compressed Oops mode: Zero based, Oop shift amount: 3

CDS archive(s) mapped at: [0x0000000000000000-0x0000000000000000-0x0000000000000000), size 0, SharedBaseAddress: 0x0000000800000000, ArchiveRelocationMode: 1.
Narrow klass base: 0x0000000000000000, Narrow klass shift: 0, Narrow klass range: 0x0

GC Precious Log:
<Empty>

Heap:
 garbage-first heap   total 0K, used 0K [0x000000070c000000, 0x0000000800000000)
  region size 2048K, 0 young (0K), 0 survivors (0K)

[error occurred during error reporting (printing heap information), id 0xc0000005, EXCEPTION_ACCESS_VIOLATION (0xc0000005) at pc=0x00007ffe9fd83859]

GC Heap History (0 events):
No events

Deoptimization events (0 events):
No events

Classes unloaded (0 events):
No events

Classes redefined (0 events):
No events

Internal exceptions (0 events):
No events

VM Operations (0 events):
No events

Events (1 events):
Event: 0.093 Loaded shared library C:\Program Files\Java\jdk-17\bin\java.dll


Dynamic libraries:
0x00007ff640460000 - 0x00007ff640470000 	C:\Program Files\Java\jdk-17\bin\java.exe
0x00007fff40460000 - 0x00007fff406c7000 	C:\WINDOWS\SYSTEM32\ntdll.dll
0x00007fff3f550000 - 0x00007fff3f619000 	C:\WINDOWS\System32\KERNEL32.DLL
0x00007fff3d120000 - 0x00007fff3d514000 	C:\WINDOWS\System32\KERNELBASE.dll
0x00007fff3cfd0000 - 0x00007fff3d11b000 	C:\WINDOWS\System32\ucrtbase.dll
0x00007fff10440000 - 0x00007fff1045b000 	C:\Program Files\Java\jdk-17\bin\VCRUNTIME140.dll
0x00007fff10380000 - 0x00007fff10399000 	C:\Program Files\Java\jdk-17\bin\jli.dll
0x00007fff3e8b0000 - 0x00007fff3e966000 	C:\WINDOWS\System32\ADVAPI32.dll
0x00007fff3e970000 - 0x00007fff3ea19000 	C:\WINDOWS\System32\msvcrt.dll
0x00007fff3e1f0000 - 0x00007fff3e297000 	C:\WINDOWS\System32\sechost.dll
0x00007fff3f430000 - 0x00007fff3f548000 	C:\WINDOWS\System32\RPCRT4.dll
0x00007fff3e620000 - 0x00007fff3e7e5000 	C:\WINDOWS\System32\USER32.dll
0x00007fff3e1c0000 - 0x00007fff3e1e7000 	C:\WINDOWS\System32\win32u.dll
0x00007fff3f620000 - 0x00007fff3f64b000 	C:\WINDOWS\System32\GDI32.dll
0x00007fff3cd30000 - 0x00007fff3ce5b000 	C:\WINDOWS\System32\gdi32full.dll
0x00007fff2b550000 - 0x00007fff2b7e3000 	C:\WINDOWS\WinSxS\amd64_microsoft.windows.common-controls_6595b64144ccf1df_6.0.26100.8115_none_3e075c82e3354f9c\COMCTL32.dll
0x00007fff3e080000 - 0x00007fff3e123000 	C:\WINDOWS\System32\msvcp_win.dll
0x00007fff356a0000 - 0x00007fff356ab000 	C:\WINDOWS\SYSTEM32\VERSION.dll
0x00007fff403c0000 - 0x00007fff403f2000 	C:\WINDOWS\System32\IMM32.DLL
0x00007fff1b410000 - 0x00007fff1b41c000 	C:\Program Files\Java\jdk-17\bin\vcruntime140_1.dll
0x00007ffef4810000 - 0x00007ffef489e000 	C:\Program Files\Java\jdk-17\bin\msvcp140.dll
0x00007ffe9f6b0000 - 0x00007ffea0290000 	C:\Program Files\Java\jdk-17\bin\server\jvm.dll
0x00007fff3fab0000 - 0x00007fff3fab8000 	C:\WINDOWS\System32\PSAPI.DLL
0x00007fff31d20000 - 0x00007fff31d56000 	C:\WINDOWS\SYSTEM32\WINMM.dll
0x00007fff35c30000 - 0x00007fff35c3a000 	C:\WINDOWS\SYSTEM32\WSOCK32.dll
0x00007fff3e590000 - 0x00007fff3e610000 	C:\WINDOWS\System32\WS2_32.dll
0x00007fff3ba90000 - 0x00007fff3baab000 	C:\WINDOWS\SYSTEM32\kernel.appcore.dll
0x00007fff1b3a0000 - 0x00007fff1b3aa000 	C:\Program Files\Java\jdk-17\bin\jimage.dll
0x00007fff3aac0000 - 0x00007fff3ad02000 	C:\WINDOWS\SYSTEM32\DBGHELP.DLL
0x00007fff3eb10000 - 0x00007fff3ee92000 	C:\WINDOWS\System32\combase.dll
0x00007fff3ea20000 - 0x00007fff3eaf8000 	C:\WINDOWS\System32\OLEAUT32.dll
0x00007fff26090000 - 0x00007fff260cb000 	C:\WINDOWS\SYSTEM32\dbgcore.DLL
0x00007fff3cf20000 - 0x00007fff3cfc5000 	C:\WINDOWS\System32\bcryptPrimitives.dll
0x00007fff02d40000 - 0x00007fff02d65000 	C:\Program Files\Java\jdk-17\bin\java.dll

dbghelp: loaded successfully - version: 4.0.5 - missing functions: none
symbol engine: initialized successfully - sym options: 0x614 - pdb path: .;C:\Program Files\Java\jdk-17\bin;C:\WINDOWS\SYSTEM32;C:\WINDOWS\WinSxS\amd64_microsoft.windows.common-controls_6595b64144ccf1df_6.0.26100.8115_none_3e075c82e3354f9c;C:\Program Files\Java\jdk-17\bin\server

VM Arguments:
jvm_args: --enable-native-access=ALL-UNNAMED 
java_command: <unknown>
java_class_path (initial): <not set>
Launcher Type: SUN_STANDARD

[Global flags]
     intx CICompilerCount                          = 12                                        {product} {ergonomic}
     uint ConcGCThreads                            = 3                                         {product} {ergonomic}
     uint G1ConcRefinementThreads                  = 13                                        {product} {ergonomic}
   size_t G1HeapRegionSize                         = 2097152                                   {product} {ergonomic}
    uintx GCDrainStackTargetSize                   = 64                                        {product} {ergonomic}
   size_t InitialHeapSize                          = 255852544                                 {product} {ergonomic}
   size_t MarkStackSize                            = 4194304                                   {product} {ergonomic}
   size_t MaxHeapSize                              = 4093640704                                {product} {ergonomic}
   size_t MinHeapDeltaBytes                        = 2097152                                   {product} {ergonomic}
   size_t MinHeapSize                              = 8388608                                   {product} {ergonomic}
    uintx NonNMethodCodeHeapSize                   = 7602480                                {pd product} {ergonomic}
    uintx NonProfiledCodeHeapSize                  = 122027880                              {pd product} {ergonomic}
    uintx ProfiledCodeHeapSize                     = 122027880                              {pd product} {ergonomic}
    uintx ReservedCodeCacheSize                    = 251658240                              {pd product} {ergonomic}
     bool SegmentedCodeCache                       = true                                      {product} {ergonomic}
   size_t SoftMaxHeapSize                          = 4093640704                             {manageable} {ergonomic}
     bool UseCompressedClassPointers               = true                           {product lp64_product} {ergonomic}
     bool UseCompressedOops                        = true                           {product lp64_product} {ergonomic}
     bool UseG1GC                                  = true                                      {product} {ergonomic}
     bool UseLargePagesIndividualAllocation        = false                                  {pd product} {ergonomic}

Logging:
Log output configuration:
 #0: stdout all=warning uptime,level,tags
 #1: stderr all=off uptime,level,tags

Environment Variables:
JAVA_HOME=C:\Program Files\Java\jdk-17
PATH=C:\Program Files\Common Files\Oracle\Java\javapath;C:\Python314\Scripts\;C:\Python314\;E:\VMware\bin\;C:\WINDOWS\system32;C:\WINDOWS;C:\WINDOWS\System32\Wbem;C:\WINDOWS\System32\WindowsPowerShell\v1.0\;C:\WINDOWS\System32\OpenSSH\;C:\Program Files (x86)\NVIDIA Corporation\PhysX\Common;C:\Program Files\Microsoft SQL Server\150\Tools\Binn\;C:\Program Files\Java\jdk-17\bin;D:\apache-maven-3.8.8-bin\apache-maven-3.8.8\bin;C:\ProgramData\chocolatey\bin;C:\Program Files\MySQL\MySQL Server 8.1\bin;C:\Windows\dll;D:\BtSoft\panel\script;D:\apache-zookeeper-3.6.4-bin\apache-zookeeper-3.6.4-bin\bin;D:\kafka_2.12-3.7.2\bin\windows;D:\erl-24.3.4.2\bin;C:\Program Files\RabbitMQ Server\rabbitmq_server-4.1.2\sbin;C:\Program Files\RabbitMQ Server\rabbitmq_server-3.11.19\sbin;D:\RabbitMq\rabbitmq_server-4.0.8\sbin;D:\Git\cmd;D:\apache-maven-3.9.11-bin\apache-maven-3.9.11\bin;D:\apache-tomcat-10.1.48-windows-x64\apache-tomcat-10.1.48\bin;D:\nacos-server-3.1.0\nacos\bin;D:\rocketmq-all-5.3.3-bin-release\rocketmq-all-5.3.3-bin-release\bin;D:\NodeJs\node_global;D:\NodeJs\node_modules;D:\erl-24.3.4.2\bin;D:\RustUp;D:\Cargo_Home\bin;D:\phpstudy_pro\Extensions\php\php7.3.4nts;D:\Program Files\Go\bin;D:\NodeJs\node_cache;D:\NodeJs\nvm;D:\NodeJs\nodejs;D:\NodeJs\nvm;D:\Program Files\MongoDB\Server\8.2\bin;C:\Program Files\MySQL\MySQL Server 8.0\bin;D:\Git\mingw64\bin;D:\Program Files (x86)\GnuWin32\bin;;C:\Program Files\Docker\Docker\resources\bin;d:\anaconda3;d:\anaconda3\Library\mingw-w64\bin;d:\anaconda3\Library\usr\bin;d:\anaconda3\Library\bin;d:\anaconda3\Scripts;D:\tools\rust\.cargo\bin;C:\Users\27050\.cargo\bin;C:\Program Files\MySQL\MySQL Shell 8.0\bin\;C:\Users\27050\AppData\Local\Microsoft\WindowsApps;D:\PyCharm 2025.1\bin;D:\CLion 2025.1.2\bin;D:\IntelliJ IDEA 2025.2.1\bin;D:\NodeJs;D:\Users\27050\AppData\Local\Programs\Microsoft VS Code\bin;D:\Users\27050\AppData\Local\Programs\Antigravity\bin;D:\Users\27050\AppData\Local\Programs\cursor\resources\app\bin
USERNAME=27050
OS=Windows_NT
PROCESSOR_IDENTIFIER=AMD64 Family 25 Model 68 Stepping 1, AuthenticAMD



---------------  S Y S T E M  ---------------

OS:
 Windows 11 , 64 bit Build 26100 (10.0.26100.8246)
OS uptime: 0 days 5:24 hours
Hyper-V role detected

CPU: total 16 (initial active 16) (16 cores per cpu, 2 threads per core) family 25 model 68 stepping 1 microcode 0xa404107, cx8, cmov, fxsr, ht, mmx, 3dnowpref, sse, sse2, sse3, ssse3, sse4a, sse4.1, sse4.2, popcnt, lzcnt, tsc, tscinvbit, avx, avx2, aes, erms, clmul, bmi1, bmi2, adx, sha, fma, vzeroupper, clflush, clflushopt, hv

Memory: 4k page, system-wide physical 15610M (2059M free)
TotalPageFile size 47034M (AvailPageFile size 188M)
current process WorkingSet (physical memory assigned to process): 12M, peak: 12M
current process commit charge ("private bytes"): 71M, peak: 314M

vm_info: Java HotSpot(TM) 64-Bit Server VM (17.0.12+8-LTS-286) for windows-amd64 JRE (17.0.12+8-LTS-286), built on Jun  5 2024 06:46:59 by "mach5one" with MS VC++ 17.6 (VS2022)

END.
